This is XeTeX, Version 3.14159265-2.6-0.99999 (TeX Live 2018/Debian) (preloaded format=xelatex 2018.9.29)  1 OCT 2018 23:45
entering extended mode
 restricted \write18 enabled.
 %&-line parsing enabled.
**7_results.tex
(./7_results.tex
LaTeX2e <2018-04-01> patch level 4
Babel <3.20> and hyphenation patterns for 84 language(s) loaded.

! LaTeX Error: Missing \begin{document}.

See the LaTeX manual or LaTeX Companion for explanation.
Type  H <return>  for immediate help.
 ...                                              
                                                  
l.1 Έ
     γινε εκτέλεση των δύο υλοποιήσεων στα web graphs των \textcite{snapnets}.
You're in trouble here.  Try typing  <return>  to proceed.
If that doesn't work, type  X <return>  to quit.

Missing character: There is no Έ in font nullfont!
Missing character: There is no γ in font nullfont!
Missing character: There is no ι in font nullfont!
Missing character: There is no ν in font nullfont!
Missing character: There is no ε in font nullfont!
Missing character: There is no ε in font nullfont!
Missing character: There is no κ in font nullfont!
Missing character: There is no τ in font nullfont!
Missing character: There is no έ in font nullfont!
Missing character: There is no λ in font nullfont!
Missing character: There is no ε in font nullfont!
Missing character: There is no σ in font nullfont!
Missing character: There is no η in font nullfont!
Missing character: There is no τ in font nullfont!
Missing character: There is no ω in font nullfont!
Missing character: There is no ν in font nullfont!
Missing character: There is no δ in font nullfont!
Missing character: There is no ύ in font nullfont!
Missing character: There is no ο in font nullfont!
Missing character: There is no υ in font nullfont!
Missing character: There is no λ in font nullfont!
Missing character: There is no ο in font nullfont!
Missing character: There is no π in font nullfont!
Missing character: There is no ο in font nullfont!
Missing character: There is no ι in font nullfont!
Missing character: There is no ή in font nullfont!
Missing character: There is no σ in font nullfont!
Missing character: There is no ε in font nullfont!
Missing character: There is no ω in font nullfont!
Missing character: There is no ν in font nullfont!
Missing character: There is no σ in font nullfont!
Missing character: There is no τ in font nullfont!
Missing character: There is no α in font nullfont!
Missing character: There is no w in font nullfont!
Missing character: There is no e in font nullfont!
Missing character: There is no b in font nullfont!
Missing character: There is no g in font nullfont!
Missing character: There is no r in font nullfont!
Missing character: There is no a in font nullfont!
Missing character: There is no p in font nullfont!
Missing character: There is no h in font nullfont!
Missing character: There is no s in font nullfont!
Missing character: There is no τ in font nullfont!
Missing character: There is no ω in font nullfont!
Missing character: There is no ν in font nullfont!
! Undefined control sequence.
l.1 ...ύο υλοποιήσεων στα web graphs των \textcite
                                                  {snapnets}.
The control sequence at the end of the top line
of your error message was never \def'ed. If you have
misspelled it (e.g., `\hobx'), type `I' and the correct
spelling (e.g., `I\hbox'). Otherwise just continue,
and I'll forget about whatever was undefined.

Missing character: There is no s in font nullfont!
Missing character: There is no n in font nullfont!
Missing character: There is no a in font nullfont!
Missing character: There is no p in font nullfont!
Missing character: There is no n in font nullfont!
Missing character: There is no e in font nullfont!
Missing character: There is no t in font nullfont!
Missing character: There is no s in font nullfont!
Missing character: There is no . in font nullfont!
Missing character: There is no Ε in font nullfont!
Missing character: There is no δ in font nullfont!
Missing character: There is no ώ in font nullfont!
Missing character: There is no π in font nullfont!
Missing character: There is no α in font nullfont!
Missing character: There is no ρ in font nullfont!
Missing character: There is no ο in font nullfont!
Missing character: There is no υ in font nullfont!
Missing character: There is no σ in font nullfont!
Missing character: There is no ι in font nullfont!
Missing character: There is no ά in font nullfont!
Missing character: There is no ζ in font nullfont!
Missing character: There is no ο in font nullfont!
Missing character: There is no ν in font nullfont!
Missing character: There is no τ in font nullfont!
Missing character: There is no α in font nullfont!
Missing character: There is no ι in font nullfont!
Missing character: There is no δ in font nullfont!
Missing character: There is no ι in font nullfont!
Missing character: There is no α in font nullfont!
Missing character: There is no γ in font nullfont!
Missing character: There is no ρ in font nullfont!
Missing character: There is no ά in font nullfont!
Missing character: There is no μ in font nullfont!
Missing character: There is no μ in font nullfont!
Missing character: There is no α in font nullfont!
Missing character: There is no τ in font nullfont!
Missing character: There is no α in font nullfont!
Missing character: There is no μ in font nullfont!
Missing character: There is no ε in font nullfont!
Missing character: There is no δ in font nullfont!
Missing character: There is no ι in font nullfont!
Missing character: There is no ά in font nullfont!
Missing character: There is no φ in font nullfont!
Missing character: There is no ο in font nullfont!
Missing character: There is no ρ in font nullfont!
Missing character: There is no α in font nullfont!
Missing character: There is no χ in font nullfont!
Missing character: There is no α in font nullfont!
Missing character: There is no ρ in font nullfont!
Missing character: There is no α in font nullfont!
Missing character: There is no κ in font nullfont!
Missing character: There is no τ in font nullfont!
Missing character: There is no η in font nullfont!
Missing character: There is no ρ in font nullfont!
Missing character: There is no ι in font nullfont!
Missing character: There is no σ in font nullfont!
Missing character: There is no τ in font nullfont!
Missing character: There is no ι in font nullfont!
Missing character: There is no κ in font nullfont!
Missing character: There is no ά in font nullfont!
Missing character: There is no τ in font nullfont!
Missing character: There is no ω in font nullfont!
Missing character: There is no ν in font nullfont!
Missing character: There is no ε in font nullfont!
Missing character: There is no κ in font nullfont!
Missing character: There is no τ in font nullfont!
Missing character: There is no ε in font nullfont!
Missing character: There is no λ in font nullfont!
Missing character: There is no έ in font nullfont!
Missing character: There is no σ in font nullfont!
Missing character: There is no ε in font nullfont!
Missing character: There is no ω in font nullfont!
Missing character: There is no ν in font nullfont!
Missing character: There is no γ in font nullfont!
Missing character: There is no ι in font nullfont!
Missing character: There is no α in font nullfont!
Missing character: There is no w in font nullfont!
Missing character: There is no e in font nullfont!
Missing character: There is no b in font nullfont!
Missing character: There is no g in font nullfont!
Missing character: There is no r in font nullfont!
Missing character: There is no a in font nullfont!
Missing character: There is no p in font nullfont!
Missing character: There is no h in font nullfont!
Missing character: There is no μ in font nullfont!
Missing character: There is no ε in font nullfont!
Missing character: There is no 8 in font nullfont!
Missing character: There is no 7 in font nullfont!
Missing character: There is no 5 in font nullfont!
Missing character: There is no . in font nullfont!
Missing character: There is no 7 in font nullfont!
Missing character: There is no 1 in font nullfont!
Missing character: There is no 3 in font nullfont!
Missing character: There is no κ in font nullfont!
Missing character: There is no ό in font nullfont!
Missing character: There is no μ in font nullfont!
Missing character: There is no β in font nullfont!
Missing character: There is no ο in font nullfont!
Missing character: There is no υ in font nullfont!
Missing character: There is no ς in font nullfont!
Missing character: There is no μ in font nullfont!
Missing character: There is no ε in font nullfont!
Missing character: There is no 4 in font nullfont!
Missing character: There is no . in font nullfont!
Missing character: There is no 5 in font nullfont!
Missing character: There is no 6 in font nullfont!
Missing character: There is no 3 in font nullfont!
Missing character: There is no . in font nullfont!
Missing character: There is no 2 in font nullfont!
Missing character: There is no 3 in font nullfont!
Missing character: There is no 5 in font nullfont!
Missing character: There is no σ in font nullfont!
Missing character: There is no υ in font nullfont!
Missing character: There is no ν in font nullfont!
Missing character: There is no δ in font nullfont!
Missing character: There is no έ in font nullfont!
Missing character: There is no σ in font nullfont!
Missing character: There is no μ in font nullfont!
Missing character: There is no ο in font nullfont!
Missing character: There is no υ in font nullfont!
Missing character: There is no ς in font nullfont!
Missing character: There is no σ in font nullfont!
Missing character: There is no τ in font nullfont!
Missing character: There is no α in font nullfont!
Missing character: There is no α in font nullfont!
Missing character: There is no κ in font nullfont!
Missing character: There is no ό in font nullfont!
Missing character: There is no λ in font nullfont!
Missing character: There is no ο in font nullfont!
Missing character: There is no υ in font nullfont!
Missing character: There is no θ in font nullfont!
Missing character: There is no α in font nullfont!
Missing character: There is no σ in font nullfont!
Missing character: There is no υ in font nullfont!
Missing character: There is no σ in font nullfont!
Missing character: There is no τ in font nullfont!
Missing character: There is no ή in font nullfont!
Missing character: There is no μ in font nullfont!
Missing character: There is no α in font nullfont!
Missing character: There is no τ in font nullfont!
Missing character: There is no α in font nullfont!
Missing character: There is no : in font nullfont!

Overfull \hbox (20.0pt too wide) in paragraph at lines 1--4
[]
 []

Missing character: There is no 4 in font nullfont!
Missing character: There is no π in font nullfont!
Missing character: There is no ύ in font nullfont!
Missing character: There is no ρ in font nullfont!
Missing character: There is no η in font nullfont!
Missing character: There is no ν in font nullfont!
Missing character: There is no ο in font nullfont!
Missing character: There is no σ in font nullfont!
Missing character: There is no ύ in font nullfont!
Missing character: There is no σ in font nullfont!
Missing character: There is no τ in font nullfont!
Missing character: There is no η in font nullfont!
Missing character: There is no μ in font nullfont!
Missing character: There is no α in font nullfont!
Missing character: There is no I in font nullfont!
Missing character: There is no n in font nullfont!
Missing character: There is no t in font nullfont!
Missing character: There is no e in font nullfont!
Missing character: There is no l in font nullfont!
Missing character: There is no ( in font nullfont!
Missing character: There is no R in font nullfont!
Missing character: There is no ) in font nullfont!
Missing character: There is no C in font nullfont!
Missing character: There is no o in font nullfont!
Missing character: There is no r in font nullfont!
Missing character: There is no e in font nullfont!
Missing character: There is no ( in font nullfont!
Missing character: There is no T in font nullfont!
Missing character: There is no M in font nullfont!
Missing character: There is no ) in font nullfont!
Missing character: There is no i in font nullfont!
Missing character: There is no 5 in font nullfont!
Missing character: There is no - in font nullfont!
Missing character: There is no 4 in font nullfont!
Missing character: There is no 6 in font nullfont!
Missing character: There is no 7 in font nullfont!
Missing character: There is no 0 in font nullfont!
Missing character: There is no C in font nullfont!
Missing character: There is no P in font nullfont!
Missing character: There is no U in font nullfont!
Missing character: There is no @ in font nullfont!
Missing character: There is no 3 in font nullfont!
Missing character: There is no . in font nullfont!
Missing character: There is no 4 in font nullfont!
Missing character: There is no 0 in font nullfont!
Missing character: There is no G in font nullfont!
Missing character: There is no H in font nullfont!
Missing character: There is no z in font nullfont!
Missing character: There is no . in font nullfont!
Missing character: There is no 8 in font nullfont!
Missing character: There is no G in font nullfont!
Missing character: There is no B in font nullfont!
Missing character: There is no D in font nullfont!
Missing character: There is no D in font nullfont!
Missing character: There is no R in font nullfont!
Missing character: There is no 3 in font nullfont!
Missing character: There is no R in font nullfont!
Missing character: There is no A in font nullfont!
Missing character: There is no M in font nullfont!
Missing character: There is no g in font nullfont!
Missing character: There is no c in font nullfont!
Missing character: There is no c in font nullfont!
Missing character: There is no v in font nullfont!
Missing character: There is no e in font nullfont!
Missing character: There is no r in font nullfont!
Missing character: There is no s in font nullfont!
Missing character: There is no i in font nullfont!
Missing character: There is no o in font nullfont!
Missing character: There is no n in font nullfont!
Missing character: There is no 7 in font nullfont!
Missing character: There is no . in font nullfont!
Missing character: There is no 3 in font nullfont!
Missing character: There is no . in font nullfont!
Missing character: There is no 0 in font nullfont!
Missing character: There is no 8 in font nullfont!
Missing character: There is no π in font nullfont!
Missing character: There is no ύ in font nullfont!
Missing character: There is no ρ in font nullfont!
Missing character: There is no η in font nullfont!
Missing character: There is no ν in font nullfont!
Missing character: There is no ο in font nullfont!
Missing character: There is no σ in font nullfont!
Missing character: There is no ύ in font nullfont!
Missing character: There is no σ in font nullfont!
Missing character: There is no τ in font nullfont!
Missing character: There is no η in font nullfont!
Missing character: There is no μ in font nullfont!
Missing character: There is no α in font nullfont!
Missing character: There is no ( in font nullfont!
Missing character: There is no d in font nullfont!
Missing character: There is no i in font nullfont!
Missing character: There is no a in font nullfont!
Missing character: There is no d in font nullfont!
Missing character: There is no e in font nullfont!
Missing character: There is no s in font nullfont!
Missing character: There is no ) in font nullfont!
Missing character: There is no I in font nullfont!
Missing character: There is no n in font nullfont!
Missing character: There is no t in font nullfont!
Missing character: There is no e in font nullfont!
Missing character: There is no l in font nullfont!
Missing character: There is no ( in font nullfont!
Missing character: There is no R in font nullfont!
Missing character: There is no ) in font nullfont!
Missing character: There is no X in font nullfont!
Missing character: There is no e in font nullfont!
Missing character: There is no o in font nullfont!
Missing character: There is no n in font nullfont!
Missing character: There is no ( in font nullfont!
Missing character: There is no R in font nullfont!
Missing character: There is no ) in font nullfont!
Missing character: There is no C in font nullfont!
Missing character: There is no P in font nullfont!
Missing character: There is no U in font nullfont!
Missing character: There is no E in font nullfont!
Missing character: There is no 5 in font nullfont!
Missing character: There is no 4 in font nullfont!
Missing character: There is no 2 in font nullfont!
Missing character: There is no 0 in font nullfont!
Missing character: There is no @ in font nullfont!
Missing character: There is no 2 in font nullfont!
Missing character: There is no . in font nullfont!
Missing character: There is no 5 in font nullfont!
Missing character: There is no 0 in font nullfont!
Missing character: There is no G in font nullfont!
Missing character: There is no H in font nullfont!
Missing character: There is no z in font nullfont!
Missing character: There is no . in font nullfont!
Missing character: There is no 8 in font nullfont!
Missing character: There is no G in font nullfont!
Missing character: There is no B in font nullfont!
Missing character: There is no D in font nullfont!
Missing character: There is no D in font nullfont!
Missing character: There is no R in font nullfont!
Missing character: There is no 3 in font nullfont!
Missing character: There is no R in font nullfont!
Missing character: There is no A in font nullfont!
Missing character: There is no M in font nullfont!
Missing character: There is no g in font nullfont!
Missing character: There is no c in font nullfont!
Missing character: There is no c in font nullfont!
Missing character: There is no v in font nullfont!
Missing character: There is no e in font nullfont!
Missing character: There is no r in font nullfont!
Missing character: There is no s in font nullfont!
Missing character: There is no i in font nullfont!
Missing character: There is no o in font nullfont!
Missing character: There is no n in font nullfont!
Missing character: There is no 5 in font nullfont!
Missing character: There is no . in font nullfont!
Missing character: There is no 4 in font nullfont!
Missing character: There is no . in font nullfont!
Missing character: There is no 0 in font nullfont!

Overfull \hbox (20.0pt too wide) in paragraph at lines 22--22
[] 
 []


! LaTeX Error: Environment figure undefined.

See the LaTeX manual or LaTeX Companion for explanation.
Type  H <return>  for immediate help.
 ...                                              
                                                  
l.23 \begin{figure}
                   
Your command was ignored.
Type  I <command> <return>  to replace it with another command,
or  <return>  to continue without it.

! Undefined control sequence.
l.24 \includegraphics
                     [width=\linewidth]{plots/it_time.png}
The control sequence at the end of the top line
of your error message was never \def'ed. If you have
misspelled it (e.g., `\hobx'), type `I' and the correct
spelling (e.g., `I\hbox'). Otherwise just continue,
and I'll forget about whatever was undefined.

Missing character: There is no [ in font nullfont!
Missing character: There is no w in font nullfont!
Missing character: There is no i in font nullfont!
Missing character: There is no d in font nullfont!
Missing character: There is no t in font nullfont!
Missing character: There is no h in font nullfont!
Missing character: There is no = in font nullfont!
! Missing number, treated as zero.
<to be read again> 
                   ]
l.24 \includegraphics[width=\linewidth]
                                       {plots/it_time.png}
A number should have been here; I inserted `0'.
(If you can't figure out why I needed to see a number,
look up `weird error' in the index to The TeXbook.)

! Illegal unit of measure (pt inserted).
<to be read again> 
                   ]
l.24 \includegraphics[width=\linewidth]
                                       {plots/it_time.png}
Dimensions can be in units of em, ex, in, pt, pc,
cm, mm, dd, cc, bp, or sp; but yours is a new one!
I'll assume that you meant to say pt, for printer's points.
To recover gracefully from this error, it's best to
delete the erroneous units; e.g., type `2' to delete
two letters. (See Chapter 27 of The TeXbook.)

Missing character: There is no ] in font nullfont!
Missing character: There is no p in font nullfont!
Missing character: There is no l in font nullfont!
Missing character: There is no o in font nullfont!
Missing character: There is no t in font nullfont!
Missing character: There is no s in font nullfont!
Missing character: There is no / in font nullfont!
Missing character: There is no i in font nullfont!
Missing character: There is no t in font nullfont!
! Missing $ inserted.
<inserted text> 
                $
l.24 \includegraphics[width=\linewidth]{plots/it_
                                                 time.png}
I've inserted a begin-math/end-math symbol since I think
you left one out. Proceed, with fingers crossed.

LaTeX Font Info:    External font `cmex10' loaded for size
(Font)              <7> on input line 24.
LaTeX Font Info:    External font `cmex10' loaded for size
(Font)              <5> on input line 24.
! Extra }, or forgotten $.
l.24 ...phics[width=\linewidth]{plots/it_time.png}
                                                  
I've deleted a group-closing symbol because it seems to be
spurious, as in `$x}$'. But perhaps the } is legitimate and
you forgot something else, as in `\hbox{$x}'. In such cases
the way to recover is to insert both the forgotten and the
deleted material, e.g., by typing `I$}'.


! LaTeX Error: \caption outside float.

See the LaTeX manual or LaTeX Companion for explanation.
Type  H <return>  for immediate help.
 ...                                              
                                                  
l.25 \caption
             {Χρονική εξέλιξη των δύο υλοποιήσεων. 4-πύρηνο σύστημα.}
You're in trouble here.  Try typing  <return>  to proceed.
If that doesn't work, type  X <return>  to quit.


! LaTeX Error: \begin{center} on input line 22 ended by \end{figure}.

See the LaTeX manual or LaTeX Companion for explanation.
Type  H <return>  for immediate help.
 ...                                              
                                                  
l.26 \end{figure}
                 
Your command was ignored.
Type  I <command> <return>  to replace it with another command,
or  <return>  to continue without it.

! Missing $ inserted.
<inserted text> 
                $
l.26 \end{figure}
                 
I've inserted something that you may have forgotten.
(See the <inserted text> above.)
With luck, this will get me unwedged. But if you
really didn't forget anything, try typing `2' now; then
my insertion and my current dilemma will both disappear.

Missing character: There is no Χ in font cmmi10!
Missing character: There is no ρ in font cmmi10!
Missing character: There is no ο in font cmmi10!
Missing character: There is no ν in font cmmi10!
Missing character: There is no ι in font cmmi10!
Missing character: There is no κ in font cmmi10!
Missing character: There is no ή in font cmmi10!
Missing character: There is no ε in font cmmi10!
Missing character: There is no ξ in font cmmi10!
Missing character: There is no έ in font cmmi10!
Missing character: There is no λ in font cmmi10!
Missing character: There is no ι in font cmmi10!
Missing character: There is no ξ in font cmmi10!
Missing character: There is no η in font cmmi10!
Missing character: There is no τ in font cmmi10!
Missing character: There is no ω in font cmmi10!
Missing character: There is no ν in font cmmi10!
Missing character: There is no δ in font cmmi10!
Missing character: There is no ύ in font cmmi10!
Missing character: There is no ο in font cmmi10!
Missing character: There is no υ in font cmmi10!
Missing character: There is no λ in font cmmi10!
Missing character: There is no ο in font cmmi10!
Missing character: There is no π in font cmmi10!
Missing character: There is no ο in font cmmi10!
Missing character: There is no ι in font cmmi10!
Missing character: There is no ή in font cmmi10!
Missing character: There is no σ in font cmmi10!
Missing character: There is no ε in font cmmi10!
Missing character: There is no ω in font cmmi10!
Missing character: There is no ν in font cmmi10!
Missing character: There is no π in font cmmi10!
Missing character: There is no ύ in font cmmi10!
Missing character: There is no ρ in font cmmi10!
Missing character: There is no η in font cmmi10!
Missing character: There is no ν in font cmmi10!
Missing character: There is no ο in font cmmi10!
Missing character: There is no σ in font cmmi10!
Missing character: There is no ύ in font cmmi10!
Missing character: There is no σ in font cmmi10!
Missing character: There is no τ in font cmmi10!
Missing character: There is no η in font cmmi10!
Missing character: There is no μ in font cmmi10!
Missing character: There is no α in font cmmi10!
! Missing } inserted.
<inserted text> 
                }
l.26 \end{figure}
                 
I've inserted something that you may have forgotten.
(See the <inserted text> above.)
With luck, this will get me unwedged. But if you
really didn't forget anything, try typing `2' now; then
my insertion and my current dilemma will both disappear.


Overfull \hbox (62.11995pt too wide) in paragraph at lines 24--27
 []\OML/cmm/m/it/10 ime:png[]$ 
 []


! LaTeX Error: Environment figure undefined.

See the LaTeX manual or LaTeX Companion for explanation.
Type  H <return>  for immediate help.
 ...                                              
                                                  
l.28 \begin{figure}
                   
Your command was ignored.
Type  I <command> <return>  to replace it with another command,
or  <return>  to continue without it.

! Undefined control sequence.
l.29 \includegraphics
                     [width=\linewidth]{plots/speed_up.png}
The control sequence at the end of the top line
of your error message was never \def'ed. If you have
misspelled it (e.g., `\hobx'), type `I' and the correct
spelling (e.g., `I\hbox'). Otherwise just continue,
and I'll forget about whatever was undefined.

Missing character: There is no [ in font nullfont!
Missing character: There is no w in font nullfont!
Missing character: There is no i in font nullfont!
Missing character: There is no d in font nullfont!
Missing character: There is no t in font nullfont!
Missing character: There is no h in font nullfont!
Missing character: There is no = in font nullfont!
! Missing number, treated as zero.
<to be read again> 
                   ]
l.29 \includegraphics[width=\linewidth]
                                       {plots/speed_up.png}
A number should have been here; I inserted `0'.
(If you can't figure out why I needed to see a number,
look up `weird error' in the index to The TeXbook.)

! Illegal unit of measure (pt inserted).
<to be read again> 
                   ]
l.29 \includegraphics[width=\linewidth]
                                       {plots/speed_up.png}
Dimensions can be in units of em, ex, in, pt, pc,
cm, mm, dd, cc, bp, or sp; but yours is a new one!
I'll assume that you meant to say pt, for printer's points.
To recover gracefully from this error, it's best to
delete the erroneous units; e.g., type `2' to delete
two letters. (See Chapter 27 of The TeXbook.)

Missing character: There is no ] in font nullfont!
Missing character: There is no p in font nullfont!
Missing character: There is no l in font nullfont!
Missing character: There is no o in font nullfont!
Missing character: There is no t in font nullfont!
Missing character: There is no s in font nullfont!
Missing character: There is no / in font nullfont!
Missing character: There is no s in font nullfont!
Missing character: There is no p in font nullfont!
Missing character: There is no e in font nullfont!
Missing character: There is no e in font nullfont!
Missing character: There is no d in font nullfont!
! Missing $ inserted.
<inserted text> 
                $
l.29 ...udegraphics[width=\linewidth]{plots/speed_
                                                  up.png}
I've inserted a begin-math/end-math symbol since I think
you left one out. Proceed, with fingers crossed.

! Extra }, or forgotten $.
l.29 ...hics[width=\linewidth]{plots/speed_up.png}
                                                  
I've deleted a group-closing symbol because it seems to be
spurious, as in `$x}$'. But perhaps the } is legitimate and
you forgot something else, as in `\hbox{$x}'. In such cases
the way to recover is to insert both the forgotten and the
deleted material, e.g., by typing `I$}'.


! LaTeX Error: \caption outside float.

See the LaTeX manual or LaTeX Companion for explanation.
Type  H <return>  for immediate help.
 ...                                              
                                                  
l.30 \caption
             {Σχέση σταθεράς σύγκλισης, επιτάχυνσης και αριθμού επαναλήψεων....

You're in trouble here.  Try typing  <return>  to proceed.
If that doesn't work, type  X <return>  to quit.


! LaTeX Error: \begin{center} on input line 22 ended by \end{figure}.

See the LaTeX manual or LaTeX Companion for explanation.
Type  H <return>  for immediate help.
 ...                                              
                                                  
l.32 \end{figure}
                 
Your command was ignored.
Type  I <command> <return>  to replace it with another command,
or  <return>  to continue without it.

! Missing $ inserted.
<inserted text> 
                $
l.32 \end{figure}
                 
I've inserted something that you may have forgotten.
(See the <inserted text> above.)
With luck, this will get me unwedged. But if you
really didn't forget anything, try typing `2' now; then
my insertion and my current dilemma will both disappear.

Missing character: There is no Σ in font cmmi10!
Missing character: There is no χ in font cmmi10!
Missing character: There is no έ in font cmmi10!
Missing character: There is no σ in font cmmi10!
Missing character: There is no η in font cmmi10!
Missing character: There is no σ in font cmmi10!
Missing character: There is no τ in font cmmi10!
Missing character: There is no α in font cmmi10!
Missing character: There is no θ in font cmmi10!
Missing character: There is no ε in font cmmi10!
Missing character: There is no ρ in font cmmi10!
Missing character: There is no ά in font cmmi10!
Missing character: There is no ς in font cmmi10!
Missing character: There is no σ in font cmmi10!
Missing character: There is no ύ in font cmmi10!
Missing character: There is no γ in font cmmi10!
Missing character: There is no κ in font cmmi10!
Missing character: There is no λ in font cmmi10!
Missing character: There is no ι in font cmmi10!
Missing character: There is no σ in font cmmi10!
Missing character: There is no η in font cmmi10!
Missing character: There is no ς in font cmmi10!
Missing character: There is no ε in font cmmi10!
Missing character: There is no π in font cmmi10!
Missing character: There is no ι in font cmmi10!
Missing character: There is no τ in font cmmi10!
Missing character: There is no ά in font cmmi10!
Missing character: There is no χ in font cmmi10!
Missing character: There is no υ in font cmmi10!
Missing character: There is no ν in font cmmi10!
Missing character: There is no σ in font cmmi10!
Missing character: There is no η in font cmmi10!
Missing character: There is no ς in font cmmi10!
Missing character: There is no κ in font cmmi10!
Missing character: There is no α in font cmmi10!
Missing character: There is no ι in font cmmi10!
Missing character: There is no α in font cmmi10!
Missing character: There is no ρ in font cmmi10!
Missing character: There is no ι in font cmmi10!
Missing character: There is no θ in font cmmi10!
Missing character: There is no μ in font cmmi10!
Missing character: There is no ο in font cmmi10!
Missing character: There is no ύ in font cmmi10!
Missing character: There is no ε in font cmmi10!
Missing character: There is no π in font cmmi10!
Missing character: There is no α in font cmmi10!
Missing character: There is no ν in font cmmi10!
Missing character: There is no α in font cmmi10!
Missing character: There is no λ in font cmmi10!
Missing character: There is no ή in font cmmi10!
Missing character: There is no ψ in font cmmi10!
Missing character: There is no ε in font cmmi10!
Missing character: There is no ω in font cmmi10!
Missing character: There is no ν in font cmmi10!
Missing character: There is no π in font cmmi10!
Missing character: There is no ύ in font cmmi10!
Missing character: There is no ρ in font cmmi10!
Missing character: There is no η in font cmmi10!
Missing character: There is no ν in font cmmi10!
Missing character: There is no ο in font cmmi10!
Missing character: There is no σ in font cmmi10!
Missing character: There is no ύ in font cmmi10!
Missing character: There is no σ in font cmmi10!
Missing character: There is no τ in font cmmi10!
Missing character: There is no η in font cmmi10!
Missing character: There is no μ in font cmmi10!
Missing character: There is no α in font cmmi10!
! Missing } inserted.
<inserted text> 
                }
l.32 \end{figure}
                 
I've inserted something that you may have forgotten.
(See the <inserted text> above.)
With luck, this will get me unwedged. But if you
really didn't forget anything, try typing `2' now; then
my insertion and my current dilemma will both disappear.


Overfull \hbox (56.4213pt too wide) in paragraph at lines 29--33
 []$[]\OML/cmm/m/it/10 p:png[][]$ 
 []


! LaTeX Error: Environment figure undefined.

See the LaTeX manual or LaTeX Companion for explanation.
Type  H <return>  for immediate help.
 ...                                              
                                                  
l.34 \begin{figure}
                   
Your command was ignored.
Type  I <command> <return>  to replace it with another command,
or  <return>  to continue without it.

! Undefined control sequence.
l.35 \includegraphics
                     [width=\linewidth]{plots/pagerank.png}
The control sequence at the end of the top line
of your error message was never \def'ed. If you have
misspelled it (e.g., `\hobx'), type `I' and the correct
spelling (e.g., `I\hbox'). Otherwise just continue,
and I'll forget about whatever was undefined.

Missing character: There is no [ in font nullfont!
Missing character: There is no w in font nullfont!
Missing character: There is no i in font nullfont!
Missing character: There is no d in font nullfont!
Missing character: There is no t in font nullfont!
Missing character: There is no h in font nullfont!
Missing character: There is no = in font nullfont!
! Missing number, treated as zero.
<to be read again> 
                   ]
l.35 \includegraphics[width=\linewidth]
                                       {plots/pagerank.png}
A number should have been here; I inserted `0'.
(If you can't figure out why I needed to see a number,
look up `weird error' in the index to The TeXbook.)

! Illegal unit of measure (pt inserted).
<to be read again> 
                   ]
l.35 \includegraphics[width=\linewidth]
                                       {plots/pagerank.png}
Dimensions can be in units of em, ex, in, pt, pc,
cm, mm, dd, cc, bp, or sp; but yours is a new one!
I'll assume that you meant to say pt, for printer's points.
To recover gracefully from this error, it's best to
delete the erroneous units; e.g., type `2' to delete
two letters. (See Chapter 27 of The TeXbook.)

Missing character: There is no ] in font nullfont!
Missing character: There is no p in font nullfont!
Missing character: There is no l in font nullfont!
Missing character: There is no o in font nullfont!
Missing character: There is no t in font nullfont!
Missing character: There is no s in font nullfont!
Missing character: There is no / in font nullfont!
Missing character: There is no p in font nullfont!
Missing character: There is no a in font nullfont!
Missing character: There is no g in font nullfont!
Missing character: There is no e in font nullfont!
Missing character: There is no r in font nullfont!
Missing character: There is no a in font nullfont!
Missing character: There is no n in font nullfont!
Missing character: There is no k in font nullfont!
Missing character: There is no . in font nullfont!
Missing character: There is no p in font nullfont!
Missing character: There is no n in font nullfont!
Missing character: There is no g in font nullfont!

! LaTeX Error: \caption outside float.

See the LaTeX manual or LaTeX Companion for explanation.
Type  H <return>  for immediate help.
 ...                                              
                                                  
l.36 \caption
             {Το αποτέλεσμα για κάθε κόμβο.}
You're in trouble here.  Try typing  <return>  to proceed.
If that doesn't work, type  X <return>  to quit.

Missing character: There is no Τ in font nullfont!
Missing character: There is no ο in font nullfont!
Missing character: There is no α in font nullfont!
Missing character: There is no π in font nullfont!
Missing character: There is no ο in font nullfont!
Missing character: There is no τ in font nullfont!
Missing character: There is no έ in font nullfont!
Missing character: There is no λ in font nullfont!
Missing character: There is no ε in font nullfont!
Missing character: There is no σ in font nullfont!
Missing character: There is no μ in font nullfont!
Missing character: There is no α in font nullfont!
Missing character: There is no γ in font nullfont!
Missing character: There is no ι in font nullfont!
Missing character: There is no α in font nullfont!
Missing character: There is no κ in font nullfont!
Missing character: There is no ά in font nullfont!
Missing character: There is no θ in font nullfont!
Missing character: There is no ε in font nullfont!
Missing character: There is no κ in font nullfont!
Missing character: There is no ό in font nullfont!
Missing character: There is no μ in font nullfont!
Missing character: There is no β in font nullfont!
Missing character: There is no ο in font nullfont!
Missing character: There is no . in font nullfont!

! LaTeX Error: \begin{center} on input line 22 ended by \end{figure}.

See the LaTeX manual or LaTeX Companion for explanation.
Type  H <return>  for immediate help.
 ...                                              
                                                  
l.37 \end{figure}
                 
Your command was ignored.
Type  I <command> <return>  to replace it with another command,
or  <return>  to continue without it.


! LaTeX Error: Environment figure undefined.

See the LaTeX manual or LaTeX Companion for explanation.
Type  H <return>  for immediate help.
 ...                                              
                                                  
l.39 \begin{figure}
                   
Your command was ignored.
Type  I <command> <return>  to replace it with another command,
or  <return>  to continue without it.

! Undefined control sequence.
l.40 \includegraphics
                     [width=\linewidth]{plots/it_times_diades.png}
The control sequence at the end of the top line
of your error message was never \def'ed. If you have
misspelled it (e.g., `\hobx'), type `I' and the correct
spelling (e.g., `I\hbox'). Otherwise just continue,
and I'll forget about whatever was undefined.

Missing character: There is no [ in font nullfont!
Missing character: There is no w in font nullfont!
Missing character: There is no i in font nullfont!
Missing character: There is no d in font nullfont!
Missing character: There is no t in font nullfont!
Missing character: There is no h in font nullfont!
Missing character: There is no = in font nullfont!
! Missing number, treated as zero.
<to be read again> 
                   ]
l.40 \includegraphics[width=\linewidth]
                                       {plots/it_times_diades.png}
A number should have been here; I inserted `0'.
(If you can't figure out why I needed to see a number,
look up `weird error' in the index to The TeXbook.)

! Illegal unit of measure (pt inserted).
<to be read again> 
                   ]
l.40 \includegraphics[width=\linewidth]
                                       {plots/it_times_diades.png}
Dimensions can be in units of em, ex, in, pt, pc,
cm, mm, dd, cc, bp, or sp; but yours is a new one!
I'll assume that you meant to say pt, for printer's points.
To recover gracefully from this error, it's best to
delete the erroneous units; e.g., type `2' to delete
two letters. (See Chapter 27 of The TeXbook.)

Missing character: There is no ] in font nullfont!
Missing character: There is no p in font nullfont!
Missing character: There is no l in font nullfont!
Missing character: There is no o in font nullfont!
Missing character: There is no t in font nullfont!
Missing character: There is no s in font nullfont!
Missing character: There is no / in font nullfont!
Missing character: There is no i in font nullfont!
Missing character: There is no t in font nullfont!
! Missing $ inserted.
<inserted text> 
                $
l.40 \includegraphics[width=\linewidth]{plots/it_
                                                 times_diades.png}
I've inserted a begin-math/end-math symbol since I think
you left one out. Proceed, with fingers crossed.

! Extra }, or forgotten $.
l.40 ...dth=\linewidth]{plots/it_times_diades.png}
                                                  
I've deleted a group-closing symbol because it seems to be
spurious, as in `$x}$'. But perhaps the } is legitimate and
you forgot something else, as in `\hbox{$x}'. In such cases
the way to recover is to insert both the forgotten and the
deleted material, e.g., by typing `I$}'.


! LaTeX Error: \caption outside float.

See the LaTeX manual or LaTeX Companion for explanation.
Type  H <return>  for immediate help.
 ...                                              
                                                  
l.41 \caption
             {Χρονική εξέλιξη των δύο υλοποιήσεων. 8-πύρηνο σύστημα.}
You're in trouble here.  Try typing  <return>  to proceed.
If that doesn't work, type  X <return>  to quit.


! LaTeX Error: \begin{center} on input line 22 ended by \end{figure}.

See the LaTeX manual or LaTeX Companion for explanation.
Type  H <return>  for immediate help.
 ...                                              
                                                  
l.42 \end{figure}
                 
Your command was ignored.
Type  I <command> <return>  to replace it with another command,
or  <return>  to continue without it.

! Missing $ inserted.
<inserted text> 
                $
l.42 \end{figure}
                 
I've inserted something that you may have forgotten.
(See the <inserted text> above.)
With luck, this will get me unwedged. But if you
really didn't forget anything, try typing `2' now; then
my insertion and my current dilemma will both disappear.

Missing character: There is no Χ in font cmmi10!
Missing character: There is no ρ in font cmmi10!
Missing character: There is no ο in font cmmi10!
Missing character: There is no ν in font cmmi10!
Missing character: There is no ι in font cmmi10!
Missing character: There is no κ in font cmmi10!
Missing character: There is no ή in font cmmi10!
Missing character: There is no ε in font cmmi10!
Missing character: There is no ξ in font cmmi10!
Missing character: There is no έ in font cmmi10!
Missing character: There is no λ in font cmmi10!
Missing character: There is no ι in font cmmi10!
Missing character: There is no ξ in font cmmi10!
Missing character: There is no η in font cmmi10!
Missing character: There is no τ in font cmmi10!
Missing character: There is no ω in font cmmi10!
Missing character: There is no ν in font cmmi10!
Missing character: There is no δ in font cmmi10!
Missing character: There is no ύ in font cmmi10!
Missing character: There is no ο in font cmmi10!
Missing character: There is no υ in font cmmi10!
Missing character: There is no λ in font cmmi10!
Missing character: There is no ο in font cmmi10!
Missing character: There is no π in font cmmi10!
Missing character: There is no ο in font cmmi10!
Missing character: There is no ι in font cmmi10!
Missing character: There is no ή in font cmmi10!
Missing character: There is no σ in font cmmi10!
Missing character: There is no ε in font cmmi10!
Missing character: There is no ω in font cmmi10!
Missing character: There is no ν in font cmmi10!
Missing character: There is no π in font cmmi10!
Missing character: There is no ύ in font cmmi10!
Missing character: There is no ρ in font cmmi10!
Missing character: There is no η in font cmmi10!
Missing character: There is no ν in font cmmi10!
Missing character: There is no ο in font cmmi10!
Missing character: There is no σ in font cmmi10!
Missing character: There is no ύ in font cmmi10!
Missing character: There is no σ in font cmmi10!
Missing character: There is no τ in font cmmi10!
Missing character: There is no η in font cmmi10!
Missing character: There is no μ in font cmmi10!
Missing character: There is no α in font cmmi10!
! Missing } inserted.
<inserted text> 
                }
l.42 \end{figure}
                 
I've inserted something that you may have forgotten.
(See the <inserted text> above.)
With luck, this will get me unwedged. But if you
really didn't forget anything, try typing `2' now; then
my insertion and my current dilemma will both disappear.


Overfull \hbox (94.74997pt too wide) in paragraph at lines 40--43
 []$[]\OML/cmm/m/it/10 imes[]iades:png[]$ 
 []


! LaTeX Error: Environment figure undefined.

See the LaTeX manual or LaTeX Companion for explanation.
Type  H <return>  for immediate help.
 ...                                              
                                                  
l.44 \begin{figure}
                   
Your command was ignored.
Type  I <command> <return>  to replace it with another command,
or  <return>  to continue without it.

! Undefined control sequence.
l.45 \includegraphics
                     [width=\linewidth]{plots/speed_up_diades.png}
The control sequence at the end of the top line
of your error message was never \def'ed. If you have
misspelled it (e.g., `\hobx'), type `I' and the correct
spelling (e.g., `I\hbox'). Otherwise just continue,
and I'll forget about whatever was undefined.

Missing character: There is no [ in font nullfont!
Missing character: There is no w in font nullfont!
Missing character: There is no i in font nullfont!
Missing character: There is no d in font nullfont!
Missing character: There is no t in font nullfont!
Missing character: There is no h in font nullfont!
Missing character: There is no = in font nullfont!
! Missing number, treated as zero.
<to be read again> 
                   ]
l.45 \includegraphics[width=\linewidth]
                                       {plots/speed_up_diades.png}
A number should have been here; I inserted `0'.
(If you can't figure out why I needed to see a number,
look up `weird error' in the index to The TeXbook.)

! Illegal unit of measure (pt inserted).
<to be read again> 
                   ]
l.45 \includegraphics[width=\linewidth]
                                       {plots/speed_up_diades.png}
Dimensions can be in units of em, ex, in, pt, pc,
cm, mm, dd, cc, bp, or sp; but yours is a new one!
I'll assume that you meant to say pt, for printer's points.
To recover gracefully from this error, it's best to
delete the erroneous units; e.g., type `2' to delete
two letters. (See Chapter 27 of The TeXbook.)

Missing character: There is no ] in font nullfont!
Missing character: There is no p in font nullfont!
Missing character: There is no l in font nullfont!
Missing character: There is no o in font nullfont!
Missing character: There is no t in font nullfont!
Missing character: There is no s in font nullfont!
Missing character: There is no / in font nullfont!
Missing character: There is no s in font nullfont!
Missing character: There is no p in font nullfont!
Missing character: There is no e in font nullfont!
Missing character: There is no e in font nullfont!
Missing character: There is no d in font nullfont!
! Missing $ inserted.
<inserted text> 
                $
l.45 ...udegraphics[width=\linewidth]{plots/speed_
                                                  up_diades.png}
I've inserted a begin-math/end-math symbol since I think
you left one out. Proceed, with fingers crossed.

! Extra }, or forgotten $.
l.45 ...dth=\linewidth]{plots/speed_up_diades.png}
                                                  
I've deleted a group-closing symbol because it seems to be
spurious, as in `$x}$'. But perhaps the } is legitimate and
you forgot something else, as in `\hbox{$x}'. In such cases
the way to recover is to insert both the forgotten and the
deleted material, e.g., by typing `I$}'.


! LaTeX Error: \caption outside float.

See the LaTeX manual or LaTeX Companion for explanation.
Type  H <return>  for immediate help.
 ...                                              
                                                  
l.46 \caption
             {Σχέση σταθεράς σύγκλισης, επιτάχυνσης και αριθμού επαναλήψεων....

You're in trouble here.  Try typing  <return>  to proceed.
If that doesn't work, type  X <return>  to quit.


! LaTeX Error: \begin{center} on input line 22 ended by \end{figure}.

See the LaTeX manual or LaTeX Companion for explanation.
Type  H <return>  for immediate help.
 ...                                              
                                                  
l.48 \end{figure}
                 
Your command was ignored.
Type  I <command> <return>  to replace it with another command,
or  <return>  to continue without it.

! Missing $ inserted.
<inserted text> 
                $
l.48 \end{figure}
                 
I've inserted something that you may have forgotten.
(See the <inserted text> above.)
With luck, this will get me unwedged. But if you
really didn't forget anything, try typing `2' now; then
my insertion and my current dilemma will both disappear.

Missing character: There is no Σ in font cmmi10!
Missing character: There is no χ in font cmmi10!
Missing character: There is no έ in font cmmi10!
Missing character: There is no σ in font cmmi10!
Missing character: There is no η in font cmmi10!
Missing character: There is no σ in font cmmi10!
Missing character: There is no τ in font cmmi10!
Missing character: There is no α in font cmmi10!
Missing character: There is no θ in font cmmi10!
Missing character: There is no ε in font cmmi10!
Missing character: There is no ρ in font cmmi10!
Missing character: There is no ά in font cmmi10!
Missing character: There is no ς in font cmmi10!
Missing character: There is no σ in font cmmi10!
Missing character: There is no ύ in font cmmi10!
Missing character: There is no γ in font cmmi10!
Missing character: There is no κ in font cmmi10!
Missing character: There is no λ in font cmmi10!
Missing character: There is no ι in font cmmi10!
Missing character: There is no σ in font cmmi10!
Missing character: There is no η in font cmmi10!
Missing character: There is no ς in font cmmi10!
Missing character: There is no ε in font cmmi10!
Missing character: There is no π in font cmmi10!
Missing character: There is no ι in font cmmi10!
Missing character: There is no τ in font cmmi10!
Missing character: There is no ά in font cmmi10!
Missing character: There is no χ in font cmmi10!
Missing character: There is no υ in font cmmi10!
Missing character: There is no ν in font cmmi10!
Missing character: There is no σ in font cmmi10!
Missing character: There is no η in font cmmi10!
Missing character: There is no ς in font cmmi10!
Missing character: There is no κ in font cmmi10!
Missing character: There is no α in font cmmi10!
Missing character: There is no ι in font cmmi10!
Missing character: There is no α in font cmmi10!
Missing character: There is no ρ in font cmmi10!
Missing character: There is no ι in font cmmi10!
Missing character: There is no θ in font cmmi10!
Missing character: There is no μ in font cmmi10!
Missing character: There is no ο in font cmmi10!
Missing character: There is no ύ in font cmmi10!
Missing character: There is no ε in font cmmi10!
Missing character: There is no π in font cmmi10!
Missing character: There is no α in font cmmi10!
Missing character: There is no ν in font cmmi10!
Missing character: There is no α in font cmmi10!
Missing character: There is no λ in font cmmi10!
Missing character: There is no ή in font cmmi10!
Missing character: There is no ψ in font cmmi10!
Missing character: There is no ε in font cmmi10!
Missing character: There is no ω in font cmmi10!
Missing character: There is no ν in font cmmi10!
Missing character: There is no π in font cmmi10!
Missing character: There is no ύ in font cmmi10!
Missing character: There is no ρ in font cmmi10!
Missing character: There is no η in font cmmi10!
Missing character: There is no ν in font cmmi10!
Missing character: There is no ο in font cmmi10!
Missing character: There is no σ in font cmmi10!
Missing character: There is no ύ in font cmmi10!
Missing character: There is no σ in font cmmi10!
Missing character: There is no τ in font cmmi10!
Missing character: There is no η in font cmmi10!
Missing character: There is no μ in font cmmi10!
Missing character: There is no α in font cmmi10!
! Missing } inserted.
<inserted text> 
                }
l.48 \end{figure}
                 
I've inserted something that you may have forgotten.
(See the <inserted text> above.)
With luck, this will get me unwedged. But if you
really didn't forget anything, try typing `2' now; then
my insertion and my current dilemma will both disappear.


Overfull \hbox (84.36382pt too wide) in paragraph at lines 45--49
 []$[]\OML/cmm/m/it/10 p[]iades:png[][]$ 
 []


! LaTeX Error: Environment figure undefined.

See the LaTeX manual or LaTeX Companion for explanation.
Type  H <return>  for immediate help.
 ...                                              
                                                  
l.50 \begin{figure}
                   
Your command was ignored.
Type  I <command> <return>  to replace it with another command,
or  <return>  to continue without it.

! Undefined control sequence.
l.51 \includegraphics
                     [width=\linewidth]{plots/diff.png}
The control sequence at the end of the top line
of your error message was never \def'ed. If you have
misspelled it (e.g., `\hobx'), type `I' and the correct
spelling (e.g., `I\hbox'). Otherwise just continue,
and I'll forget about whatever was undefined.

Missing character: There is no [ in font nullfont!
Missing character: There is no w in font nullfont!
Missing character: There is no i in font nullfont!
Missing character: There is no d in font nullfont!
Missing character: There is no t in font nullfont!
Missing character: There is no h in font nullfont!
Missing character: There is no = in font nullfont!
! Missing number, treated as zero.
<to be read again> 
                   ]
l.51 \includegraphics[width=\linewidth]
                                       {plots/diff.png}
A number should have been here; I inserted `0'.
(If you can't figure out why I needed to see a number,
look up `weird error' in the index to The TeXbook.)

! Illegal unit of measure (pt inserted).
<to be read again> 
                   ]
l.51 \includegraphics[width=\linewidth]
                                       {plots/diff.png}
Dimensions can be in units of em, ex, in, pt, pc,
cm, mm, dd, cc, bp, or sp; but yours is a new one!
I'll assume that you meant to say pt, for printer's points.
To recover gracefully from this error, it's best to
delete the erroneous units; e.g., type `2' to delete
two letters. (See Chapter 27 of The TeXbook.)

Missing character: There is no ] in font nullfont!
Missing character: There is no p in font nullfont!
Missing character: There is no l in font nullfont!
Missing character: There is no o in font nullfont!
Missing character: There is no t in font nullfont!
Missing character: There is no s in font nullfont!
Missing character: There is no / in font nullfont!
Missing character: There is no d in font nullfont!
Missing character: There is no i in font nullfont!
Missing character: There is no f in font nullfont!
Missing character: There is no f in font nullfont!
Missing character: There is no . in font nullfont!
Missing character: There is no p in font nullfont!
Missing character: There is no n in font nullfont!
Missing character: There is no g in font nullfont!

! LaTeX Error: \caption outside float.

See the LaTeX manual or LaTeX Companion for explanation.
Type  H <return>  for immediate help.
 ...                                              
                                                  
l.52 \caption
             {Διαφορά των δύο υλοποιήσεων στο τελικό διάνυσμα.}
You're in trouble here.  Try typing  <return>  to proceed.
If that doesn't work, type  X <return>  to quit.

Missing character: There is no Δ in font nullfont!
Missing character: There is no ι in font nullfont!
Missing character: There is no α in font nullfont!
Missing character: There is no φ in font nullfont!
Missing character: There is no ο in font nullfont!
Missing character: There is no ρ in font nullfont!
Missing character: There is no ά in font nullfont!
Missing character: There is no τ in font nullfont!
Missing character: There is no ω in font nullfont!
Missing character: There is no ν in font nullfont!
Missing character: There is no δ in font nullfont!
Missing character: There is no ύ in font nullfont!
Missing character: There is no ο in font nullfont!
Missing character: There is no υ in font nullfont!
Missing character: There is no λ in font nullfont!
Missing character: There is no ο in font nullfont!
Missing character: There is no π in font nullfont!
Missing character: There is no ο in font nullfont!
Missing character: There is no ι in font nullfont!
Missing character: There is no ή in font nullfont!
Missing character: There is no σ in font nullfont!
Missing character: There is no ε in font nullfont!
Missing character: There is no ω in font nullfont!
Missing character: There is no ν in font nullfont!
Missing character: There is no σ in font nullfont!
Missing character: There is no τ in font nullfont!
Missing character: There is no ο in font nullfont!
Missing character: There is no τ in font nullfont!
Missing character: There is no ε in font nullfont!
Missing character: There is no λ in font nullfont!
Missing character: There is no ι in font nullfont!
Missing character: There is no κ in font nullfont!
Missing character: There is no ό in font nullfont!
Missing character: There is no δ in font nullfont!
Missing character: There is no ι in font nullfont!
Missing character: There is no ά in font nullfont!
Missing character: There is no ν in font nullfont!
Missing character: There is no υ in font nullfont!
Missing character: There is no σ in font nullfont!
Missing character: There is no μ in font nullfont!
Missing character: There is no α in font nullfont!
Missing character: There is no . in font nullfont!

! LaTeX Error: \begin{center} on input line 22 ended by \end{figure}.

See the LaTeX manual or LaTeX Companion for explanation.
Type  H <return>  for immediate help.
 ...                                              
                                                  
l.54 \end{figure}
                 
Your command was ignored.
Type  I <command> <return>  to replace it with another command,
or  <return>  to continue without it.

Missing character: There is no Α in font nullfont!
Missing character: There is no π in font nullfont!
Missing character: There is no ο in font nullfont!
Missing character: There is no τ in font nullfont!
Missing character: There is no ε in font nullfont!
Missing character: There is no λ in font nullfont!
Missing character: There is no έ in font nullfont!
Missing character: There is no σ in font nullfont!
Missing character: There is no μ in font nullfont!
Missing character: There is no α in font nullfont!
Missing character: There is no τ in font nullfont!
Missing character: There is no α in font nullfont!
Missing character: There is no κ in font nullfont!
Missing character: There is no α in font nullfont!
Missing character: There is no ι in font nullfont!
Missing character: There is no γ in font nullfont!
Missing character: There is no ι in font nullfont!
Missing character: There is no α in font nullfont!
Missing character: There is no τ in font nullfont!
Missing character: There is no α in font nullfont!
Missing character: There is no υ in font nullfont!
Missing character: There is no π in font nullfont!
Missing character: There is no ό in font nullfont!
Missing character: There is no λ in font nullfont!
Missing character: There is no ο in font nullfont!
Missing character: There is no ι in font nullfont!
Missing character: There is no π in font nullfont!
Missing character: There is no α in font nullfont!
Missing character: There is no w in font nullfont!
Missing character: There is no e in font nullfont!
Missing character: There is no b in font nullfont!
Missing character: There is no - in font nullfont!
Missing character: There is no g in font nullfont!
Missing character: There is no r in font nullfont!
Missing character: There is no a in font nullfont!
Missing character: There is no p in font nullfont!
Missing character: There is no h in font nullfont!
Missing character: There is no s in font nullfont!
Missing character: There is no σ in font nullfont!
Missing character: There is no υ in font nullfont!
Missing character: There is no μ in font nullfont!
Missing character: There is no π in font nullfont!
Missing character: There is no ε in font nullfont!
Missing character: There is no ρ in font nullfont!
Missing character: There is no ι in font nullfont!
Missing character: There is no λ in font nullfont!
Missing character: There is no α in font nullfont!
Missing character: There is no μ in font nullfont!
Missing character: There is no β in font nullfont!
Missing character: There is no ά in font nullfont!
Missing character: There is no ν in font nullfont!
Missing character: There is no ο in font nullfont!
Missing character: There is no ν in font nullfont!
Missing character: There is no τ in font nullfont!
Missing character: There is no α in font nullfont!
Missing character: There is no ι in font nullfont!
Missing character: There is no σ in font nullfont!
Missing character: There is no τ in font nullfont!
Missing character: There is no α in font nullfont!
Missing character: There is no π in font nullfont!
Missing character: There is no α in font nullfont!
Missing character: There is no ρ in font nullfont!
Missing character: There is no α in font nullfont!
Missing character: There is no δ in font nullfont!
Missing character: There is no ο in font nullfont!
Missing character: There is no τ in font nullfont!
Missing character: There is no έ in font nullfont!
Missing character: There is no α in font nullfont!
Missing character: There is no . in font nullfont!
Missing character: There is no Γ in font nullfont!
Missing character: There is no ε in font nullfont!
Missing character: There is no ν in font nullfont!
Missing character: There is no ι in font nullfont!
Missing character: There is no κ in font nullfont!
Missing character: There is no ώ in font nullfont!
Missing character: There is no ς in font nullfont!
Missing character: There is no , in font nullfont!
Missing character: There is no π in font nullfont!
Missing character: There is no α in font nullfont!
Missing character: There is no ρ in font nullfont!
Missing character: There is no α in font nullfont!
Missing character: There is no τ in font nullfont!
Missing character: There is no η in font nullfont!
Missing character: There is no ρ in font nullfont!
Missing character: There is no ή in font nullfont!
Missing character: There is no θ in font nullfont!
Missing character: There is no η in font nullfont!
Missing character: There is no κ in font nullfont!
Missing character: There is no ε in font nullfont!
Missing character: There is no ι in font nullfont!
Missing character: There is no κ in font nullfont!
Missing character: There is no α in font nullfont!
Missing character: There is no ν in font nullfont!
Missing character: There is no ο in font nullfont!
Missing character: There is no π in font nullfont!
Missing character: There is no ο in font nullfont!
Missing character: There is no ι in font nullfont!
Missing character: There is no η in font nullfont!
Missing character: There is no τ in font nullfont!
Missing character: There is no ι in font nullfont!
Missing character: There is no κ in font nullfont!
Missing character: There is no ή in font nullfont!
Missing character: There is no ε in font nullfont!
Missing character: There is no π in font nullfont!
Missing character: There is no ι in font nullfont!
Missing character: There is no τ in font nullfont!
Missing character: There is no ά in font nullfont!
Missing character: There is no χ in font nullfont!
Missing character: There is no υ in font nullfont!
Missing character: There is no ν in font nullfont!
Missing character: There is no σ in font nullfont!
Missing character: There is no η in font nullfont!
Missing character: There is no μ in font nullfont!
Missing character: There is no ε in font nullfont!
Missing character: There is no τ in font nullfont!
Missing character: There is no α in font nullfont!
Missing character: There is no χ in font nullfont!
Missing character: There is no ύ in font nullfont!
Missing character: There is no τ in font nullfont!
Missing character: There is no η in font nullfont!
Missing character: There is no τ in font nullfont!
Missing character: There is no α in font nullfont!
Missing character: There is no τ in font nullfont!
Missing character: There is no ο in font nullfont!
Missing character: There is no υ in font nullfont!
Missing character: There is no λ in font nullfont!
Missing character: There is no ά in font nullfont!
Missing character: There is no χ in font nullfont!
Missing character: There is no ι in font nullfont!
Missing character: There is no σ in font nullfont!
Missing character: There is no τ in font nullfont!
Missing character: There is no ο in font nullfont!
Missing character: There is no ν in font nullfont!
Missing character: There is no 2 in font nullfont!
Missing character: There is no φ in font nullfont!
Missing character: There is no ο in font nullfont!
Missing character: There is no ρ in font nullfont!
Missing character: There is no έ in font nullfont!
Missing character: There is no ς in font nullfont!
Missing character: There is no μ in font nullfont!
Missing character: There is no ε in font nullfont!
Missing character: There is no γ in font nullfont!
Missing character: There is no α in font nullfont!
Missing character: There is no λ in font nullfont!
Missing character: There is no ύ in font nullfont!
Missing character: There is no τ in font nullfont!
Missing character: There is no ε in font nullfont!
Missing character: There is no ρ in font nullfont!
Missing character: There is no η in font nullfont!
Missing character: There is no γ in font nullfont!
Missing character: There is no ι in font nullfont!
Missing character: There is no α in font nullfont!
Missing character: There is no τ in font nullfont!
Missing character: There is no η in font nullfont!
Missing character: There is no ν in font nullfont!
Missing character: There is no π in font nullfont!
Missing character: There is no α in font nullfont!
Missing character: There is no ρ in font nullfont!
Missing character: There is no ά in font nullfont!
Missing character: There is no λ in font nullfont!
Missing character: There is no λ in font nullfont!
Missing character: There is no η in font nullfont!
Missing character: There is no λ in font nullfont!
Missing character: There is no η in font nullfont!
Missing character: There is no υ in font nullfont!
Missing character: There is no λ in font nullfont!
Missing character: There is no ο in font nullfont!
Missing character: There is no π in font nullfont!
Missing character: There is no ο in font nullfont!
Missing character: There is no ί in font nullfont!
Missing character: There is no η in font nullfont!
Missing character: There is no σ in font nullfont!
Missing character: There is no η in font nullfont!
Missing character: There is no σ in font nullfont!
Missing character: There is no τ in font nullfont!
Missing character: There is no ο in font nullfont!
Missing character: There is no τ in font nullfont!
Missing character: There is no ε in font nullfont!
Missing character: There is no τ in font nullfont!
Missing character: There is no ρ in font nullfont!
Missing character: There is no α in font nullfont!
Missing character: There is no π in font nullfont!
Missing character: There is no ύ in font nullfont!
Missing character: There is no ρ in font nullfont!
Missing character: There is no η in font nullfont!
Missing character: There is no ν in font nullfont!
Missing character: There is no ο in font nullfont!
Missing character: There is no σ in font nullfont!
Missing character: There is no ύ in font nullfont!
Missing character: There is no σ in font nullfont!
Missing character: There is no τ in font nullfont!
Missing character: There is no η in font nullfont!
Missing character: There is no μ in font nullfont!
Missing character: There is no α in font nullfont!
Missing character: There is no ή in font nullfont!
Missing character: There is no / in font nullfont!
Missing character: There is no κ in font nullfont!
Missing character: There is no α in font nullfont!
Missing character: There is no ι in font nullfont!
Missing character: There is no έ in font nullfont!
Missing character: There is no ω in font nullfont!
Missing character: There is no ς in font nullfont!
Missing character: There is no 3 in font nullfont!
Missing character: There is no , in font nullfont!
Missing character: There is no 5 in font nullfont!
Missing character: There is no φ in font nullfont!
Missing character: There is no ο in font nullfont!
Missing character: There is no ρ in font nullfont!
Missing character: There is no έ in font nullfont!
Missing character: There is no ς in font nullfont!
Missing character: There is no μ in font nullfont!
Missing character: There is no ε in font nullfont!
Missing character: There is no γ in font nullfont!
Missing character: There is no α in font nullfont!
Missing character: There is no λ in font nullfont!
Missing character: There is no ύ in font nullfont!
Missing character: There is no τ in font nullfont!
Missing character: There is no ε in font nullfont!
Missing character: There is no ρ in font nullfont!
Missing character: There is no η in font nullfont!
Missing character: There is no σ in font nullfont!
Missing character: There is no τ in font nullfont!
Missing character: There is no ο in font nullfont!
Missing character: There is no ο in font nullfont!
Missing character: There is no κ in font nullfont!
Missing character: There is no τ in font nullfont!
Missing character: There is no α in font nullfont!
Missing character: There is no π in font nullfont!
Missing character: There is no ύ in font nullfont!
Missing character: There is no ρ in font nullfont!
Missing character: There is no η in font nullfont!
Missing character: There is no ν in font nullfont!
Missing character: There is no ο in font nullfont!
Missing character: There is no σ in font nullfont!
Missing character: There is no ύ in font nullfont!
Missing character: There is no σ in font nullfont!
Missing character: There is no τ in font nullfont!
Missing character: There is no η in font nullfont!
Missing character: There is no μ in font nullfont!
Missing character: There is no α in font nullfont!
Missing character: There is no . in font nullfont!
Missing character: There is no Α in font nullfont!
Missing character: There is no ν in font nullfont!
Missing character: There is no τ in font nullfont!
Missing character: There is no ί in font nullfont!
Missing character: There is no σ in font nullfont!
Missing character: There is no τ in font nullfont!
Missing character: There is no ο in font nullfont!
Missing character: There is no ι in font nullfont!
Missing character: There is no χ in font nullfont!
Missing character: There is no α in font nullfont!
Missing character: There is no κ in font nullfont!
Missing character: There is no α in font nullfont!
Missing character: There is no λ in font nullfont!
Missing character: There is no έ in font nullfont!
Missing character: There is no ς in font nullfont!
Missing character: There is no ε in font nullfont!
Missing character: There is no π in font nullfont!
Missing character: There is no ι in font nullfont!
Missing character: There is no δ in font nullfont!
Missing character: There is no ό in font nullfont!
Missing character: There is no σ in font nullfont!
Missing character: There is no ε in font nullfont!
Missing character: There is no ι in font nullfont!
Missing character: There is no ς in font nullfont!
Missing character: There is no π in font nullfont!
Missing character: There is no α in font nullfont!
Missing character: There is no ρ in font nullfont!
Missing character: There is no α in font nullfont!
Missing character: There is no τ in font nullfont!
Missing character: There is no η in font nullfont!
Missing character: There is no ρ in font nullfont!
Missing character: There is no ή in font nullfont!
Missing character: There is no θ in font nullfont!
Missing character: There is no η in font nullfont!
Missing character: There is no κ in font nullfont!
Missing character: There is no α in font nullfont!
Missing character: There is no ν in font nullfont!
Missing character: There is no γ in font nullfont!
Missing character: There is no ι in font nullfont!
Missing character: There is no α in font nullfont!
Missing character: There is no ό in font nullfont!
Missing character: There is no λ in font nullfont!
Missing character: There is no α in font nullfont!
Missing character: There is no τ in font nullfont!
Missing character: There is no α in font nullfont!
Missing character: There is no σ in font nullfont!
Missing character: There is no ε in font nullfont!
Missing character: There is no τ in font nullfont!
Missing character: There is no δ in font nullfont!
Missing character: There is no ε in font nullfont!
Missing character: There is no δ in font nullfont!
Missing character: There is no ο in font nullfont!
Missing character: There is no μ in font nullfont!
Missing character: There is no έ in font nullfont!
Missing character: There is no ν in font nullfont!
Missing character: There is no ω in font nullfont!
Missing character: There is no ν in font nullfont!
Missing character: There is no μ in font nullfont!
Missing character: There is no ε in font nullfont!
Missing character: There is no ε in font nullfont!
Missing character: There is no ξ in font nullfont!
Missing character: There is no α in font nullfont!
Missing character: There is no ί in font nullfont!
Missing character: There is no ρ in font nullfont!
Missing character: There is no ε in font nullfont!
Missing character: There is no σ in font nullfont!
Missing character: There is no η in font nullfont!
Missing character: There is no τ in font nullfont!
Missing character: There is no ο in font nullfont!
Missing character: There is no w in font nullfont!
Missing character: There is no e in font nullfont!
Missing character: There is no b in font nullfont!
Missing character: There is no - in font nullfont!
Missing character: There is no B in font nullfont!
Missing character: There is no e in font nullfont!
Missing character: There is no r in font nullfont!
Missing character: There is no k in font nullfont!
Missing character: There is no S in font nullfont!
Missing character: There is no t in font nullfont!
Missing character: There is no a in font nullfont!
Missing character: There is no n in font nullfont!
Missing character: There is no g in font nullfont!
Missing character: There is no r in font nullfont!
Missing character: There is no a in font nullfont!
Missing character: There is no p in font nullfont!
Missing character: There is no h in font nullfont!
Missing character: There is no ό in font nullfont!
Missing character: There is no π in font nullfont!
Missing character: There is no ο in font nullfont!
Missing character: There is no υ in font nullfont!
Missing character: There is no ο in font nullfont!
Missing character: There is no e in font nullfont!
Missing character: There is no d in font nullfont!
Missing character: There is no g in font nullfont!
Missing character: There is no e in font nullfont!
Missing character: There is no - in font nullfont!
Missing character: There is no c in font nullfont!
Missing character: There is no o in font nullfont!
Missing character: There is no l in font nullfont!
Missing character: There is no o in font nullfont!
Missing character: There is no r in font nullfont!
Missing character: There is no i in font nullfont!
Missing character: There is no n in font nullfont!
Missing character: There is no g in font nullfont!
Missing character: There is no α in font nullfont!
Missing character: There is no λ in font nullfont!
Missing character: There is no γ in font nullfont!
Missing character: There is no ό in font nullfont!
Missing character: There is no ρ in font nullfont!
Missing character: There is no ι in font nullfont!
Missing character: There is no θ in font nullfont!
Missing character: There is no μ in font nullfont!
Missing character: There is no ο in font nullfont!
Missing character: There is no ς in font nullfont!
Missing character: There is no δ in font nullfont!
Missing character: There is no η in font nullfont!
Missing character: There is no μ in font nullfont!
Missing character: There is no ι in font nullfont!
Missing character: There is no ο in font nullfont!
Missing character: There is no ύ in font nullfont!
Missing character: There is no ρ in font nullfont!
Missing character: There is no γ in font nullfont!
Missing character: There is no η in font nullfont!
Missing character: There is no σ in font nullfont!
Missing character: There is no ε in font nullfont!
Missing character: There is no ι in font nullfont!
Missing character: There is no δ in font nullfont!
Missing character: There is no ι in font nullfont!
Missing character: There is no α in font nullfont!
Missing character: There is no ί in font nullfont!
Missing character: There is no τ in font nullfont!
Missing character: There is no ε in font nullfont!
Missing character: There is no ρ in font nullfont!
Missing character: There is no α in font nullfont!
Missing character: There is no α in font nullfont!
Missing character: There is no υ in font nullfont!
Missing character: There is no ξ in font nullfont!
Missing character: There is no η in font nullfont!
Missing character: There is no μ in font nullfont!
Missing character: There is no έ in font nullfont!
Missing character: There is no ν in font nullfont!
Missing character: There is no ο in font nullfont!
Missing character: There is no α in font nullfont!
Missing character: There is no ρ in font nullfont!
Missing character: There is no ι in font nullfont!
Missing character: There is no θ in font nullfont!
Missing character: There is no μ in font nullfont!
Missing character: There is no ό in font nullfont!
Missing character: There is no ο in font nullfont!
Missing character: There is no μ in font nullfont!
Missing character: There is no ά in font nullfont!
Missing character: There is no δ in font nullfont!
Missing character: There is no ω in font nullfont!
Missing character: There is no ν in font nullfont!
Missing character: There is no . in font nullfont!

Overfull \hbox (20.0pt too wide) in paragraph at lines 59--60
[]
 []

Missing character: There is no Σ in font nullfont!
Missing character: There is no ε in font nullfont!
Missing character: There is no ό in font nullfont!
Missing character: There is no λ in font nullfont!
Missing character: There is no ε in font nullfont!
Missing character: There is no ς in font nullfont!
Missing character: There is no τ in font nullfont!
Missing character: There is no ι in font nullfont!
Missing character: There is no ς in font nullfont!
Missing character: There is no π in font nullfont!
Missing character: There is no ε in font nullfont!
Missing character: There is no ρ in font nullfont!
Missing character: There is no ι in font nullfont!
Missing character: There is no π in font nullfont!
Missing character: There is no τ in font nullfont!
Missing character: There is no ώ in font nullfont!
Missing character: There is no σ in font nullfont!
Missing character: There is no ε in font nullfont!
Missing character: There is no ι in font nullfont!
Missing character: There is no ς in font nullfont!
Missing character: There is no , in font nullfont!
Missing character: There is no η in font nullfont!
Missing character: There is no π in font nullfont!
Missing character: There is no α in font nullfont!
Missing character: There is no ρ in font nullfont!
Missing character: There is no ά in font nullfont!
Missing character: There is no λ in font nullfont!
Missing character: There is no λ in font nullfont!
Missing character: There is no η in font nullfont!
Missing character: There is no λ in font nullfont!
Missing character: There is no η in font nullfont!
Missing character: There is no υ in font nullfont!
Missing character: There is no λ in font nullfont!
Missing character: There is no ο in font nullfont!
Missing character: There is no π in font nullfont!
Missing character: There is no ο in font nullfont!
Missing character: There is no ί in font nullfont!
Missing character: There is no η in font nullfont!
Missing character: There is no σ in font nullfont!
Missing character: There is no η in font nullfont!
Missing character: There is no τ in font nullfont!
Missing character: There is no ο in font nullfont!
Missing character: There is no υ in font nullfont!
Missing character: There is no α in font nullfont!
Missing character: There is no λ in font nullfont!
Missing character: There is no γ in font nullfont!
Missing character: There is no ο in font nullfont!
Missing character: There is no ρ in font nullfont!
Missing character: There is no ί in font nullfont!
Missing character: There is no θ in font nullfont!
Missing character: There is no μ in font nullfont!
Missing character: There is no ο in font nullfont!
Missing character: There is no υ in font nullfont!
Missing character: There is no « in font nullfont!
Missing character: There is no σ in font nullfont!
Missing character: There is no τ in font nullfont!
Missing character: There is no ο in font nullfont!
Missing character: There is no χ in font nullfont!
Missing character: There is no α in font nullfont!
Missing character: There is no σ in font nullfont!
Missing character: There is no τ in font nullfont!
Missing character: There is no ι in font nullfont!
Missing character: There is no κ in font nullfont!
Missing character: There is no ο in font nullfont!
Missing character: There is no π in font nullfont!
Missing character: There is no ο in font nullfont!
Missing character: There is no ί in font nullfont!
Missing character: There is no η in font nullfont!
Missing character: There is no σ in font nullfont!
Missing character: There is no η in font nullfont!
Missing character: There is no ς in font nullfont!
Missing character: There is no » in font nullfont!
Missing character: There is no τ in font nullfont!
Missing character: There is no ω in font nullfont!
Missing character: There is no ν in font nullfont!
Missing character: There is no σ in font nullfont!
Missing character: There is no τ in font nullfont!
Missing character: There is no η in font nullfont!
Missing character: There is no λ in font nullfont!
Missing character: There is no ώ in font nullfont!
Missing character: There is no ν in font nullfont!
Missing character: There is no τ in font nullfont!
Missing character: There is no ο in font nullfont!
Missing character: There is no υ in font nullfont!
Missing character: There is no γ in font nullfont!
Missing character: There is no ρ in font nullfont!
Missing character: There is no ά in font nullfont!
Missing character: There is no φ in font nullfont!
Missing character: There is no ο in font nullfont!
Missing character: There is no υ in font nullfont!
Missing character: There is no γ in font nullfont!
Missing character: There is no ι in font nullfont!
Missing character: There is no α in font nullfont!
Missing character: There is no τ in font nullfont!
Missing character: There is no η in font nullfont!
Missing character: There is no ν in font nullfont!
Missing character: There is no δ in font nullfont!
Missing character: There is no η in font nullfont!
Missing character: There is no μ in font nullfont!
Missing character: There is no ι in font nullfont!
Missing character: There is no ο in font nullfont!
Missing character: There is no υ in font nullfont!
Missing character: There is no ρ in font nullfont!
Missing character: There is no γ in font nullfont!
Missing character: There is no ί in font nullfont!
Missing character: There is no α in font nullfont!
Missing character: There is no τ in font nullfont!
Missing character: There is no ο in font nullfont!
Missing character: There is no υ in font nullfont!
Missing character: There is no π in font nullfont!
Missing character: There is no ί in font nullfont!
Missing character: There is no ν in font nullfont!
Missing character: There is no α in font nullfont!
Missing character: There is no κ in font nullfont!
Missing character: There is no α in font nullfont!
! Undefined control sequence.
<recently read> \bm 
                    
l.61 ... γράφου για την δημιουργία του πίνακα $\bm
                                                  {A}_s$ ήταν σαφώς ταχύτερη...
The control sequence at the end of the top line
of your error message was never \def'ed. If you have
misspelled it (e.g., `\hobx'), type `I' and the correct
spelling (e.g., `I\hbox'). Otherwise just continue,
and I'll forget about whatever was undefined.

Missing character: There is no ή in font nullfont!
Missing character: There is no τ in font nullfont!
Missing character: There is no α in font nullfont!
Missing character: There is no ν in font nullfont!
Missing character: There is no σ in font nullfont!
Missing character: There is no α in font nullfont!
Missing character: There is no φ in font nullfont!
Missing character: There is no ώ in font nullfont!
Missing character: There is no ς in font nullfont!
Missing character: There is no τ in font nullfont!
Missing character: There is no α in font nullfont!
Missing character: There is no χ in font nullfont!
Missing character: There is no ύ in font nullfont!
Missing character: There is no τ in font nullfont!
Missing character: There is no ε in font nullfont!
Missing character: There is no ρ in font nullfont!
Missing character: There is no η in font nullfont!
Missing character: There is no α in font nullfont!
Missing character: There is no π in font nullfont!
Missing character: There is no ό in font nullfont!
Missing character: There is no τ in font nullfont!
Missing character: There is no η in font nullfont!
Missing character: There is no σ in font nullfont!
Missing character: There is no ε in font nullfont!
Missing character: There is no ι in font nullfont!
Missing character: There is no ρ in font nullfont!
Missing character: There is no ι in font nullfont!
Missing character: There is no α in font nullfont!
Missing character: There is no κ in font nullfont!
Missing character: There is no ή in font nullfont!
Missing character: There is no . in font nullfont!
)
! Emergency stop.
<*> 7_results.tex
                 
*** (job aborted, no legal \end found)

 
Here is how much of TeX's memory you used:
 12 strings out of 492970
 122 string characters out of 6136052
 65701 words of memory out of 5000000
 4120 multiletter control sequences out of 15000+600000
 3640 words of font info for 14 fonts, out of 8000000 for 9000
 1348 hyphenation exceptions out of 8191
 18i,2n,12p,468b,114s stack positions out of 5000i,500n,10000p,200000b,80000s
No pages of output.
