This is XeTeX, Version 3.14159265-2.6-0.99999 (TeX Live 2018/Debian) (preloaded format=xelatex 2018.9.29)  30 SEP 2018 08:21
entering extended mode
 restricted \write18 enabled.
 %&-line parsing enabled.
**9_speeds.tex
(./9_speeds.tex
LaTeX2e <2018-04-01> patch level 4
Babel <3.20> and hyphenation patterns for 84 language(s) loaded.

! LaTeX Error: Missing \begin{document}.

See the LaTeX manual or LaTeX Companion for explanation.
Type  H <return>  for immediate help.
 ...                                              
                                                  
l.1 Η
      ταχύτητα σύγκλισης της μεθόδου gauss-seidel όπως φαίνεται στα αποτελέσ...

You're in trouble here.  Try typing  <return>  to proceed.
If that doesn't work, type  X <return>  to quit.

Missing character: There is no Η in font nullfont!
Missing character: There is no τ in font nullfont!
Missing character: There is no α in font nullfont!
Missing character: There is no χ in font nullfont!
Missing character: There is no ύ in font nullfont!
Missing character: There is no τ in font nullfont!
Missing character: There is no η in font nullfont!
Missing character: There is no τ in font nullfont!
Missing character: There is no α in font nullfont!
Missing character: There is no σ in font nullfont!
Missing character: There is no ύ in font nullfont!
Missing character: There is no γ in font nullfont!
Missing character: There is no κ in font nullfont!
Missing character: There is no λ in font nullfont!
Missing character: There is no ι in font nullfont!
Missing character: There is no σ in font nullfont!
Missing character: There is no η in font nullfont!
Missing character: There is no ς in font nullfont!
Missing character: There is no τ in font nullfont!
Missing character: There is no η in font nullfont!
Missing character: There is no ς in font nullfont!
Missing character: There is no μ in font nullfont!
Missing character: There is no ε in font nullfont!
Missing character: There is no θ in font nullfont!
Missing character: There is no ό in font nullfont!
Missing character: There is no δ in font nullfont!
Missing character: There is no ο in font nullfont!
Missing character: There is no υ in font nullfont!
Missing character: There is no g in font nullfont!
Missing character: There is no a in font nullfont!
Missing character: There is no u in font nullfont!
Missing character: There is no s in font nullfont!
Missing character: There is no s in font nullfont!
Missing character: There is no - in font nullfont!
Missing character: There is no s in font nullfont!
Missing character: There is no e in font nullfont!
Missing character: There is no i in font nullfont!
Missing character: There is no d in font nullfont!
Missing character: There is no e in font nullfont!
Missing character: There is no l in font nullfont!
Missing character: There is no ό in font nullfont!
Missing character: There is no π in font nullfont!
Missing character: There is no ω in font nullfont!
Missing character: There is no ς in font nullfont!
Missing character: There is no φ in font nullfont!
Missing character: There is no α in font nullfont!
Missing character: There is no ί in font nullfont!
Missing character: There is no ν in font nullfont!
Missing character: There is no ε in font nullfont!
Missing character: There is no τ in font nullfont!
Missing character: There is no α in font nullfont!
Missing character: There is no ι in font nullfont!
Missing character: There is no σ in font nullfont!
Missing character: There is no τ in font nullfont!
Missing character: There is no α in font nullfont!
Missing character: There is no α in font nullfont!
Missing character: There is no π in font nullfont!
Missing character: There is no ο in font nullfont!
Missing character: There is no τ in font nullfont!
Missing character: There is no ε in font nullfont!
Missing character: There is no λ in font nullfont!
Missing character: There is no έ in font nullfont!
Missing character: There is no σ in font nullfont!
Missing character: There is no μ in font nullfont!
Missing character: There is no α in font nullfont!
Missing character: There is no τ in font nullfont!
Missing character: There is no α in font nullfont!
Missing character: There is no ε in font nullfont!
Missing character: There is no ί in font nullfont!
Missing character: There is no ν in font nullfont!
Missing character: There is no α in font nullfont!
Missing character: There is no ι in font nullfont!
Missing character: There is no ε in font nullfont!
Missing character: There is no ν in font nullfont!
Missing character: There is no τ in font nullfont!
Missing character: There is no υ in font nullfont!
Missing character: There is no π in font nullfont!
Missing character: There is no ω in font nullfont!
Missing character: There is no σ in font nullfont!
Missing character: There is no ι in font nullfont!
Missing character: There is no α in font nullfont!
Missing character: There is no κ in font nullfont!
Missing character: There is no ή in font nullfont!
Missing character: There is no . in font nullfont!
Missing character: There is no Τ in font nullfont!
Missing character: There is no ο in font nullfont!
Missing character: There is no δ in font nullfont!
Missing character: There is no ι in font nullfont!
Missing character: There is no ά in font nullfont!
Missing character: There is no ν in font nullfont!
Missing character: There is no υ in font nullfont!
Missing character: There is no σ in font nullfont!
Missing character: There is no μ in font nullfont!
Missing character: There is no α in font nullfont!
Missing character: There is no τ in font nullfont!
Missing character: There is no η in font nullfont!
Missing character: There is no ς in font nullfont!
Missing character: There is no p in font nullfont!
Missing character: There is no a in font nullfont!
Missing character: There is no g in font nullfont!
Missing character: There is no e in font nullfont!
Missing character: There is no r in font nullfont!
Missing character: There is no a in font nullfont!
Missing character: There is no n in font nullfont!
Missing character: There is no k in font nullfont!
Missing character: There is no ά in font nullfont!
Missing character: There is no ρ in font nullfont!
Missing character: There is no χ in font nullfont!
Missing character: There is no ι in font nullfont!
Missing character: There is no σ in font nullfont!
Missing character: There is no ε in font nullfont!
Missing character: There is no ν in font nullfont!
Missing character: There is no α in font nullfont!
Missing character: There is no σ in font nullfont!
Missing character: There is no υ in font nullfont!
Missing character: There is no γ in font nullfont!
Missing character: There is no κ in font nullfont!
Missing character: There is no λ in font nullfont!
Missing character: There is no ί in font nullfont!
Missing character: There is no ν in font nullfont!
Missing character: There is no ε in font nullfont!
Missing character: There is no ι in font nullfont!
Missing character: There is no α in font nullfont!
Missing character: There is no π in font nullfont!
Missing character: There is no ό in font nullfont!
Missing character: There is no τ in font nullfont!
Missing character: There is no ι in font nullfont!
Missing character: There is no ς in font nullfont!
Missing character: There is no π in font nullfont!
Missing character: There is no ρ in font nullfont!
Missing character: There is no ώ in font nullfont!
Missing character: There is no τ in font nullfont!
Missing character: There is no ε in font nullfont!
Missing character: There is no ς in font nullfont!
Missing character: There is no κ in font nullfont!
Missing character: There is no ι in font nullfont!
Missing character: There is no ό in font nullfont!
Missing character: There is no λ in font nullfont!
Missing character: There is no α in font nullfont!
Missing character: There is no ς in font nullfont!
Missing character: There is no ε in font nullfont!
Missing character: There is no π in font nullfont!
Missing character: There is no α in font nullfont!
Missing character: There is no ν in font nullfont!
Missing character: There is no α in font nullfont!
Missing character: There is no λ in font nullfont!
Missing character: There is no ή in font nullfont!
Missing character: There is no ψ in font nullfont!
Missing character: There is no ε in font nullfont!
Missing character: There is no ι in font nullfont!
Missing character: There is no ς in font nullfont!
Missing character: There is no , in font nullfont!
Missing character: There is no μ in font nullfont!
Missing character: There is no ε in font nullfont!
Missing character: There is no τ in font nullfont!
Missing character: There is no ο in font nullfont!
Missing character: There is no τ in font nullfont!
Missing character: There is no ε in font nullfont!
Missing character: There is no τ in font nullfont!
Missing character: There is no ρ in font nullfont!
Missing character: There is no ά in font nullfont!
Missing character: There is no γ in font nullfont!
Missing character: There is no ω in font nullfont!
Missing character: There is no ν in font nullfont!
Missing character: There is no ο in font nullfont!
Missing character: There is no τ in font nullfont!
Missing character: There is no ο in font nullfont!
Missing character: There is no υ in font nullfont!
Missing character: There is no μ in font nullfont!
Missing character: There is no έ in font nullfont!
Missing character: There is no τ in font nullfont!
Missing character: There is no ρ in font nullfont!
Missing character: There is no ο in font nullfont!
Missing character: There is no υ in font nullfont!
Missing character: There is no τ in font nullfont!
Missing character: There is no η in font nullfont!
Missing character: There is no ς in font nullfont!
Missing character: There is no δ in font nullfont!
Missing character: There is no ι in font nullfont!
Missing character: There is no α in font nullfont!
Missing character: There is no φ in font nullfont!
Missing character: There is no ο in font nullfont!
Missing character: There is no ρ in font nullfont!
Missing character: There is no ά in font nullfont!
Missing character: There is no ς in font nullfont!
Missing character: There is no τ in font nullfont!
Missing character: There is no ω in font nullfont!
Missing character: There is no ν in font nullfont!
Missing character: There is no τ in font nullfont!
Missing character: There is no ε in font nullfont!
Missing character: There is no λ in font nullfont!
Missing character: There is no ε in font nullfont!
Missing character: There is no υ in font nullfont!
Missing character: There is no τ in font nullfont!
Missing character: There is no α in font nullfont!
Missing character: There is no ί in font nullfont!
Missing character: There is no ω in font nullfont!
Missing character: There is no ν in font nullfont!
Missing character: There is no π in font nullfont!
Missing character: There is no ρ in font nullfont!
Missing character: There is no ο in font nullfont!
Missing character: There is no σ in font nullfont!
Missing character: There is no ε in font nullfont!
Missing character: There is no γ in font nullfont!
Missing character: There is no γ in font nullfont!
Missing character: There is no ί in font nullfont!
Missing character: There is no σ in font nullfont!
Missing character: There is no ε in font nullfont!
Missing character: There is no ω in font nullfont!
Missing character: There is no ν in font nullfont!
Missing character: There is no ν in font nullfont!
Missing character: There is no α in font nullfont!
Missing character: There is no ε in font nullfont!
Missing character: There is no ί in font nullfont!
Missing character: There is no ν in font nullfont!
Missing character: There is no α in font nullfont!
Missing character: There is no ι in font nullfont!
Missing character: There is no μ in font nullfont!
Missing character: There is no ι in font nullfont!
Missing character: There is no κ in font nullfont!
Missing character: There is no ρ in font nullfont!
Missing character: There is no ό in font nullfont!
Missing character: There is no τ in font nullfont!
Missing character: There is no ε in font nullfont!
Missing character: There is no ρ in font nullfont!
Missing character: There is no ο in font nullfont!
Missing character: There is no - in font nullfont!
Missing character: There is no σ in font nullfont!
Missing character: There is no ε in font nullfont!
Missing character: There is no ό in font nullfont!
Missing character: There is no λ in font nullfont!
Missing character: There is no ε in font nullfont!
Missing character: There is no ς in font nullfont!
Missing character: There is no τ in font nullfont!
Missing character: There is no ι in font nullfont!
Missing character: There is no ς in font nullfont!
Missing character: There is no π in font nullfont!
Missing character: There is no ε in font nullfont!
Missing character: There is no ρ in font nullfont!
Missing character: There is no ι in font nullfont!
Missing character: There is no π in font nullfont!
Missing character: There is no τ in font nullfont!
Missing character: There is no ώ in font nullfont!
Missing character: There is no σ in font nullfont!
Missing character: There is no ε in font nullfont!
Missing character: There is no ι in font nullfont!
Missing character: There is no ς in font nullfont!
Missing character: There is no - in font nullfont!
Missing character: There is no τ in font nullfont!
Missing character: There is no ο in font nullfont!
Missing character: There is no υ in font nullfont!
LaTeX Font Info:    External font `cmex10' loaded for size
(Font)              <7> on input line 1.
LaTeX Font Info:    External font `cmex10' loaded for size
(Font)              <5> on input line 1.
Missing character: There is no α in font nullfont!
Missing character: There is no π in font nullfont!
Missing character: There is no ό in font nullfont!
Missing character: There is no τ in font nullfont!
Missing character: There is no η in font nullfont!
Missing character: There is no ν in font nullfont!
Missing character: There is no 7 in font nullfont!
Missing character: There is no η in font nullfont!
Missing character: There is no ε in font nullfont!
Missing character: There is no π in font nullfont!
Missing character: There is no α in font nullfont!
Missing character: There is no ν in font nullfont!
Missing character: There is no ά in font nullfont!
Missing character: There is no λ in font nullfont!
Missing character: There is no η in font nullfont!
Missing character: There is no ψ in font nullfont!
Missing character: There is no η in font nullfont!
Missing character: There is no . in font nullfont!

Overfull \hbox (20.0pt too wide) in paragraph at lines 1--2
[]
 []


Overfull \hbox (20.73618pt too wide) in paragraph at lines 1--2
\OT1/cmr/m/n/10 10[]$
 []


! LaTeX Error: Missing \begin{document}.

See the LaTeX manual or LaTeX Companion for explanation.
Type  H <return>  for immediate help.
 ...                                              
                                                  
l.3 Α
     υτός ο   ρυθμός σύγκλισης την καθιστά σαφώς ταχύτερη τόσο από την κλασσ...

You're in trouble here.  Try typing  <return>  to proceed.
If that doesn't work, type  X <return>  to quit.

Missing character: There is no Α in font nullfont!
Missing character: There is no υ in font nullfont!
Missing character: There is no τ in font nullfont!
Missing character: There is no ό in font nullfont!
Missing character: There is no ς in font nullfont!
Missing character: There is no ο in font nullfont!
Missing character: There is no ρ in font nullfont!
Missing character: There is no υ in font nullfont!
Missing character: There is no θ in font nullfont!
Missing character: There is no μ in font nullfont!
Missing character: There is no ό in font nullfont!
Missing character: There is no ς in font nullfont!
Missing character: There is no σ in font nullfont!
Missing character: There is no ύ in font nullfont!
Missing character: There is no γ in font nullfont!
Missing character: There is no κ in font nullfont!
Missing character: There is no λ in font nullfont!
Missing character: There is no ι in font nullfont!
Missing character: There is no σ in font nullfont!
Missing character: There is no η in font nullfont!
Missing character: There is no ς in font nullfont!
Missing character: There is no τ in font nullfont!
Missing character: There is no η in font nullfont!
Missing character: There is no ν in font nullfont!
Missing character: There is no κ in font nullfont!
Missing character: There is no α in font nullfont!
Missing character: There is no θ in font nullfont!
Missing character: There is no ι in font nullfont!
Missing character: There is no σ in font nullfont!
Missing character: There is no τ in font nullfont!
Missing character: There is no ά in font nullfont!
Missing character: There is no σ in font nullfont!
Missing character: There is no α in font nullfont!
Missing character: There is no φ in font nullfont!
Missing character: There is no ώ in font nullfont!
Missing character: There is no ς in font nullfont!
Missing character: There is no τ in font nullfont!
Missing character: There is no α in font nullfont!
Missing character: There is no χ in font nullfont!
Missing character: There is no ύ in font nullfont!
Missing character: There is no τ in font nullfont!
Missing character: There is no ε in font nullfont!
Missing character: There is no ρ in font nullfont!
Missing character: There is no η in font nullfont!
Missing character: There is no τ in font nullfont!
Missing character: There is no ό in font nullfont!
Missing character: There is no σ in font nullfont!
Missing character: There is no ο in font nullfont!
Missing character: There is no α in font nullfont!
Missing character: There is no π in font nullfont!
Missing character: There is no ό in font nullfont!
Missing character: There is no τ in font nullfont!
Missing character: There is no η in font nullfont!
Missing character: There is no ν in font nullfont!
Missing character: There is no κ in font nullfont!
Missing character: There is no λ in font nullfont!
Missing character: There is no α in font nullfont!
Missing character: There is no σ in font nullfont!
Missing character: There is no σ in font nullfont!
Missing character: There is no ι in font nullfont!
Missing character: There is no κ in font nullfont!
Missing character: There is no ή in font nullfont!
Missing character: There is no γ in font nullfont!
Missing character: There is no ι in font nullfont!
Missing character: There is no α in font nullfont!
Missing character: There is no τ in font nullfont!
Missing character: There is no ο in font nullfont!
Missing character: There is no π in font nullfont!
Missing character: There is no ρ in font nullfont!
Missing character: There is no ό in font nullfont!
Missing character: There is no β in font nullfont!
Missing character: There is no λ in font nullfont!
Missing character: There is no η in font nullfont!
Missing character: There is no μ in font nullfont!
Missing character: There is no α in font nullfont!
Missing character: There is no p in font nullfont!
Missing character: There is no o in font nullfont!
Missing character: There is no w in font nullfont!
Missing character: There is no e in font nullfont!
Missing character: There is no r in font nullfont!
Missing character: There is no m in font nullfont!
Missing character: There is no e in font nullfont!
Missing character: There is no t in font nullfont!
Missing character: There is no h in font nullfont!
Missing character: There is no o in font nullfont!
Missing character: There is no d in font nullfont!
! Undefined control sequence.
l.3 ...σική για το πρόβλημα power method\parencite
                                                  {silvestrepagerank} όσο κα...
The control sequence at the end of the top line
of your error message was never \def'ed. If you have
misspelled it (e.g., `\hobx'), type `I' and the correct
spelling (e.g., `I\hbox'). Otherwise just continue,
and I'll forget about whatever was undefined.

Missing character: There is no s in font nullfont!
Missing character: There is no i in font nullfont!
Missing character: There is no l in font nullfont!
Missing character: There is no v in font nullfont!
Missing character: There is no e in font nullfont!
Missing character: There is no s in font nullfont!
Missing character: There is no t in font nullfont!
Missing character: There is no r in font nullfont!
Missing character: There is no e in font nullfont!
Missing character: There is no p in font nullfont!
Missing character: There is no a in font nullfont!
Missing character: There is no g in font nullfont!
Missing character: There is no e in font nullfont!
Missing character: There is no r in font nullfont!
Missing character: There is no a in font nullfont!
Missing character: There is no n in font nullfont!
Missing character: There is no k in font nullfont!
Missing character: There is no ό in font nullfont!
Missing character: There is no σ in font nullfont!
Missing character: There is no ο in font nullfont!
Missing character: There is no κ in font nullfont!
Missing character: There is no α in font nullfont!
Missing character: There is no ι in font nullfont!
Missing character: There is no α in font nullfont!
Missing character: There is no π in font nullfont!
Missing character: There is no ό in font nullfont!
Missing character: There is no τ in font nullfont!
Missing character: There is no η in font nullfont!
Missing character: There is no ν in font nullfont!
Missing character: There is no μ in font nullfont!
Missing character: There is no έ in font nullfont!
Missing character: There is no θ in font nullfont!
Missing character: There is no ο in font nullfont!
Missing character: There is no δ in font nullfont!
Missing character: There is no ο in font nullfont!
Missing character: There is no J in font nullfont!
Missing character: There is no a in font nullfont!
Missing character: There is no c in font nullfont!
Missing character: There is no o in font nullfont!
Missing character: There is no b in font nullfont!
Missing character: There is no i in font nullfont!
Missing character: There is no π in font nullfont!
Missing character: There is no ο in font nullfont!
Missing character: There is no υ in font nullfont!
Missing character: There is no χ in font nullfont!
Missing character: There is no ρ in font nullfont!
Missing character: There is no η in font nullfont!
Missing character: There is no σ in font nullfont!
Missing character: There is no ι in font nullfont!
Missing character: There is no μ in font nullfont!
Missing character: There is no ο in font nullfont!
Missing character: There is no π in font nullfont!
Missing character: There is no ο in font nullfont!
Missing character: There is no ι in font nullfont!
Missing character: There is no ε in font nullfont!
Missing character: There is no ί in font nullfont!
Missing character: There is no μ in font nullfont!
Missing character: There is no ό in font nullfont!
Missing character: There is no ν in font nullfont!
Missing character: There is no ο in font nullfont!
Missing character: There is no τ in font nullfont!
Missing character: There is no ι in font nullfont!
Missing character: There is no ς in font nullfont!
Missing character: There is no π in font nullfont!
Missing character: There is no ρ in font nullfont!
Missing character: There is no ο in font nullfont!
Missing character: There is no η in font nullfont!
Missing character: There is no γ in font nullfont!
Missing character: There is no ο in font nullfont!
Missing character: There is no ύ in font nullfont!
Missing character: There is no μ in font nullfont!
Missing character: There is no ε in font nullfont!
Missing character: There is no ν in font nullfont!
Missing character: There is no ε in font nullfont!
Missing character: There is no ς in font nullfont!
Missing character: There is no τ in font nullfont!
Missing character: There is no ι in font nullfont!
Missing character: There is no μ in font nullfont!
Missing character: There is no έ in font nullfont!
Missing character: There is no ς in font nullfont!
Missing character: There is no κ in font nullfont!
Missing character: There is no ά in font nullfont!
Missing character: There is no θ in font nullfont!
Missing character: There is no ε in font nullfont!
Missing character: There is no σ in font nullfont!
Missing character: There is no ε in font nullfont!
Missing character: There is no κ in font nullfont!
Missing character: There is no ά in font nullfont!
Missing character: There is no θ in font nullfont!
Missing character: There is no ε in font nullfont!
Missing character: There is no ε in font nullfont!
Missing character: There is no π in font nullfont!
Missing character: There is no α in font nullfont!
Missing character: There is no ν in font nullfont!
Missing character: There is no ά in font nullfont!
Missing character: There is no λ in font nullfont!
Missing character: There is no η in font nullfont!
Missing character: There is no ψ in font nullfont!
Missing character: There is no η in font nullfont!
Missing character: There is no . in font nullfont!

Overfull \hbox (20.0pt too wide) in paragraph at lines 3--4
[]
 []


Overfull \hbox (9.04456pt too wide) in paragraph at lines 3--4
\OML/cmm/m/it/10 x[]$
 []


! LaTeX Error: Missing \begin{document}.

See the LaTeX manual or LaTeX Companion for explanation.
Type  H <return>  for immediate help.
 ...                                              
                                                  
l.5 Η
      επιτάχυνση της παράλληλης υλοποίησης, λαμβάνοντας υπόψη τις συνθήκες τ...

You're in trouble here.  Try typing  <return>  to proceed.
If that doesn't work, type  X <return>  to quit.

Missing character: There is no Η in font nullfont!
Missing character: There is no ε in font nullfont!
Missing character: There is no π in font nullfont!
Missing character: There is no ι in font nullfont!
Missing character: There is no τ in font nullfont!
Missing character: There is no ά in font nullfont!
Missing character: There is no χ in font nullfont!
Missing character: There is no υ in font nullfont!
Missing character: There is no ν in font nullfont!
Missing character: There is no σ in font nullfont!
Missing character: There is no η in font nullfont!
Missing character: There is no τ in font nullfont!
Missing character: There is no η in font nullfont!
Missing character: There is no ς in font nullfont!
Missing character: There is no π in font nullfont!
Missing character: There is no α in font nullfont!
Missing character: There is no ρ in font nullfont!
Missing character: There is no ά in font nullfont!
Missing character: There is no λ in font nullfont!
Missing character: There is no λ in font nullfont!
Missing character: There is no η in font nullfont!
Missing character: There is no λ in font nullfont!
Missing character: There is no η in font nullfont!
Missing character: There is no ς in font nullfont!
Missing character: There is no υ in font nullfont!
Missing character: There is no λ in font nullfont!
Missing character: There is no ο in font nullfont!
Missing character: There is no π in font nullfont!
Missing character: There is no ο in font nullfont!
Missing character: There is no ί in font nullfont!
Missing character: There is no η in font nullfont!
Missing character: There is no σ in font nullfont!
Missing character: There is no η in font nullfont!
Missing character: There is no ς in font nullfont!
Missing character: There is no , in font nullfont!
Missing character: There is no λ in font nullfont!
Missing character: There is no α in font nullfont!
Missing character: There is no μ in font nullfont!
Missing character: There is no β in font nullfont!
Missing character: There is no ά in font nullfont!
Missing character: There is no ν in font nullfont!
Missing character: There is no ο in font nullfont!
Missing character: There is no ν in font nullfont!
Missing character: There is no τ in font nullfont!
Missing character: There is no α in font nullfont!
Missing character: There is no ς in font nullfont!
Missing character: There is no υ in font nullfont!
Missing character: There is no π in font nullfont!
Missing character: There is no ό in font nullfont!
Missing character: There is no ψ in font nullfont!
Missing character: There is no η in font nullfont!
Missing character: There is no τ in font nullfont!
Missing character: There is no ι in font nullfont!
Missing character: There is no ς in font nullfont!
Missing character: There is no σ in font nullfont!
Missing character: There is no υ in font nullfont!
Missing character: There is no ν in font nullfont!
Missing character: There is no θ in font nullfont!
Missing character: There is no ή in font nullfont!
Missing character: There is no κ in font nullfont!
Missing character: There is no ε in font nullfont!
Missing character: There is no ς in font nullfont!
Missing character: There is no τ in font nullfont!
Missing character: There is no ο in font nullfont!
Missing character: There is no υ in font nullfont!
Missing character: There is no α in font nullfont!
Missing character: There is no λ in font nullfont!
Missing character: There is no γ in font nullfont!
Missing character: There is no ο in font nullfont!
Missing character: There is no ρ in font nullfont!
Missing character: There is no ί in font nullfont!
Missing character: There is no θ in font nullfont!
Missing character: There is no μ in font nullfont!
Missing character: There is no ο in font nullfont!
Missing character: There is no υ in font nullfont!
Missing character: There is no , in font nullfont!
Missing character: There is no τ in font nullfont!
Missing character: There is no ο in font nullfont!
Missing character: There is no ν in font nullfont!
Missing character: There is no α in font nullfont!
Missing character: There is no ρ in font nullfont!
Missing character: There is no ι in font nullfont!
Missing character: There is no θ in font nullfont!
Missing character: There is no μ in font nullfont!
Missing character: There is no ό in font nullfont!
Missing character: There is no τ in font nullfont!
Missing character: There is no ω in font nullfont!
Missing character: There is no ν in font nullfont!
Missing character: There is no δ in font nullfont!
Missing character: There is no ι in font nullfont!
Missing character: There is no α in font nullfont!
Missing character: There is no φ in font nullfont!
Missing character: There is no ο in font nullfont!
Missing character: There is no ρ in font nullfont!
Missing character: There is no ε in font nullfont!
Missing character: There is no τ in font nullfont!
Missing character: There is no ι in font nullfont!
Missing character: There is no κ in font nullfont!
Missing character: There is no ώ in font nullfont!
Missing character: There is no ν in font nullfont!
Missing character: There is no χ in font nullfont!
Missing character: There is no ρ in font nullfont!
Missing character: There is no ω in font nullfont!
Missing character: There is no μ in font nullfont!
Missing character: There is no ά in font nullfont!
Missing character: There is no τ in font nullfont!
Missing character: There is no ω in font nullfont!
Missing character: There is no ν in font nullfont!
Missing character: There is no κ in font nullfont!
Missing character: There is no α in font nullfont!
Missing character: There is no ι in font nullfont!
Missing character: There is no τ in font nullfont!
Missing character: There is no ι in font nullfont!
Missing character: There is no ς in font nullfont!
Missing character: There is no ε in font nullfont!
Missing character: There is no π in font nullfont!
Missing character: There is no ι in font nullfont!
Missing character: There is no τ in font nullfont!
Missing character: There is no α in font nullfont!
Missing character: There is no χ in font nullfont!
Missing character: There is no ύ in font nullfont!
Missing character: There is no ν in font nullfont!
Missing character: There is no σ in font nullfont!
Missing character: There is no ε in font nullfont!
Missing character: There is no ι in font nullfont!
Missing character: There is no ς in font nullfont!
Missing character: There is no π in font nullfont!
Missing character: There is no ο in font nullfont!
Missing character: There is no υ in font nullfont!
Missing character: There is no ε in font nullfont!
Missing character: There is no π in font nullfont!
Missing character: There is no ι in font nullfont!
Missing character: There is no τ in font nullfont!
Missing character: There is no ε in font nullfont!
Missing character: There is no ύ in font nullfont!
Missing character: There is no χ in font nullfont!
Missing character: There is no θ in font nullfont!
Missing character: There is no η in font nullfont!
Missing character: There is no κ in font nullfont!
Missing character: There is no α in font nullfont!
Missing character: There is no ν in font nullfont!
Missing character: There is no σ in font nullfont!
Missing character: There is no τ in font nullfont!
Missing character: There is no η in font nullfont!
Missing character: There is no β in font nullfont!
Missing character: There is no ι in font nullfont!
Missing character: There is no β in font nullfont!
Missing character: There is no λ in font nullfont!
Missing character: There is no ι in font nullfont!
Missing character: There is no ο in font nullfont!
Missing character: There is no γ in font nullfont!
Missing character: There is no ρ in font nullfont!
Missing character: There is no α in font nullfont!
Missing character: There is no φ in font nullfont!
Missing character: There is no ί in font nullfont!
Missing character: There is no α in font nullfont!
! Undefined control sequence.
l.5 ...που επιτεύχθηκαν στη βιβλιογραφία\parencite
                                                  {hasenplaugh2016parallel},...
The control sequence at the end of the top line
of your error message was never \def'ed. If you have
misspelled it (e.g., `\hobx'), type `I' and the correct
spelling (e.g., `I\hbox'). Otherwise just continue,
and I'll forget about whatever was undefined.

Missing character: There is no h in font nullfont!
Missing character: There is no a in font nullfont!
Missing character: There is no s in font nullfont!
Missing character: There is no e in font nullfont!
Missing character: There is no n in font nullfont!
Missing character: There is no p in font nullfont!
Missing character: There is no l in font nullfont!
Missing character: There is no a in font nullfont!
Missing character: There is no u in font nullfont!
Missing character: There is no g in font nullfont!
Missing character: There is no h in font nullfont!
Missing character: There is no 2 in font nullfont!
Missing character: There is no 0 in font nullfont!
Missing character: There is no 1 in font nullfont!
Missing character: There is no 6 in font nullfont!
Missing character: There is no p in font nullfont!
Missing character: There is no a in font nullfont!
Missing character: There is no r in font nullfont!
Missing character: There is no a in font nullfont!
Missing character: There is no l in font nullfont!
Missing character: There is no l in font nullfont!
Missing character: There is no e in font nullfont!
Missing character: There is no l in font nullfont!
Missing character: There is no , in font nullfont!
Missing character: There is no κ in font nullfont!
Missing character: There is no ρ in font nullfont!
Missing character: There is no ί in font nullfont!
Missing character: There is no ν in font nullfont!
Missing character: There is no ε in font nullfont!
Missing character: There is no τ in font nullfont!
Missing character: There is no α in font nullfont!
Missing character: There is no ι in font nullfont!
Missing character: There is no κ in font nullfont!
Missing character: There is no ι in font nullfont!
Missing character: There is no α in font nullfont!
Missing character: There is no υ in font nullfont!
Missing character: There is no τ in font nullfont!
Missing character: There is no ή in font nullfont!
Missing character: There is no α in font nullfont!
Missing character: There is no π in font nullfont!
Missing character: There is no ό in font nullfont!
Missing character: There is no ι in font nullfont!
Missing character: There is no κ in font nullfont!
Missing character: There is no α in font nullfont!
Missing character: There is no ν in font nullfont!
Missing character: There is no ο in font nullfont!
Missing character: There is no π in font nullfont!
Missing character: There is no ο in font nullfont!
Missing character: There is no ι in font nullfont!
Missing character: There is no η in font nullfont!
Missing character: There is no τ in font nullfont!
Missing character: There is no ι in font nullfont!
Missing character: There is no κ in font nullfont!
Missing character: There is no ή in font nullfont!
Missing character: There is no έ in font nullfont!
Missing character: There is no ω in font nullfont!
Missing character: There is no ς in font nullfont!
Missing character: There is no π in font nullfont!
Missing character: There is no ά in font nullfont!
Missing character: There is no ρ in font nullfont!
Missing character: There is no α in font nullfont!
Missing character: There is no π in font nullfont!
Missing character: There is no ο in font nullfont!
Missing character: There is no λ in font nullfont!
Missing character: There is no ύ in font nullfont!
Missing character: There is no κ in font nullfont!
Missing character: There is no α in font nullfont!
Missing character: There is no λ in font nullfont!
Missing character: There is no ή in font nullfont!
Missing character: There is no γ in font nullfont!
Missing character: There is no ι in font nullfont!
Missing character: There is no α in font nullfont!
Missing character: There is no τ in font nullfont!
Missing character: There is no α in font nullfont!
Missing character: There is no π in font nullfont!
Missing character: There is no ε in font nullfont!
Missing character: There is no ρ in font nullfont!
Missing character: There is no ι in font nullfont!
Missing character: There is no σ in font nullfont!
Missing character: There is no σ in font nullfont!
Missing character: There is no ό in font nullfont!
Missing character: There is no τ in font nullfont!
Missing character: There is no ε in font nullfont!
Missing character: There is no ρ in font nullfont!
Missing character: There is no α in font nullfont!
Missing character: There is no w in font nullfont!
Missing character: There is no e in font nullfont!
Missing character: There is no b in font nullfont!
Missing character: There is no - in font nullfont!
Missing character: There is no g in font nullfont!
Missing character: There is no r in font nullfont!
Missing character: There is no a in font nullfont!
Missing character: There is no p in font nullfont!
Missing character: There is no h in font nullfont!
Missing character: There is no s in font nullfont!
Missing character: There is no . in font nullfont!
)
! Emergency stop.
<*> 9_speeds.tex
                
*** (job aborted, no legal \end found)

 
Here is how much of TeX's memory you used:
 6 strings out of 492970
 74 string characters out of 6136052
 63701 words of memory out of 5000000
 4114 multiletter control sequences out of 15000+600000
 3640 words of font info for 14 fonts, out of 8000000 for 9000
 1348 hyphenation exceptions out of 8191
 18i,2n,12p,356b,56s stack positions out of 5000i,500n,10000p,200000b,80000s
No pages of output.
